\BOOKMARK [0][-]{chapter.1}{\376\377\000I\000n\000t\000r\000o\000d\000u\000c\000t\000i\000o\000n}{}% 1
\BOOKMARK [0][-]{chapter.2}{\376\377\000R\000e\000l\000a\000t\000e\000d\000\040\000W\000o\000r\000k\000s}{}% 2
\BOOKMARK [1][-]{section.2.1}{\376\377\000P\000o\000i\000n\000t\000i\000n\000g\000\040\000M\000o\000d\000e\000l\000s\000\040\000i\000n\000\040\000R\000a\000d\000i\000o\000\040\000T\000e\000l\000e\000s\000c\000o\000p\000e\000s}{chapter.2}% 3
\BOOKMARK [1][-]{section.2.2}{\376\377\000M\000a\000c\000h\000i\000n\000e\000\040\000L\000e\000a\000r\000n\000i\000n\000g\000\040\000i\000n\000\040\000A\000s\000t\000r\000o\000n\000o\000m\000y}{chapter.2}% 4
\BOOKMARK [1][-]{section.2.3}{\376\377\000C\000h\000a\000l\000l\000e\000n\000g\000e\000s\000\040\000a\000n\000d\000\040\000O\000p\000p\000o\000r\000t\000u\000n\000i\000t\000i\000e\000s}{chapter.2}% 5
\BOOKMARK [0][-]{chapter.3}{\376\377\000A\000t\000r\000o\000n\000o\000m\000i\000c\000a\000l\000\040\000B\000a\000c\000k\000g\000r\000o\000u\000n\000d}{}% 6
\BOOKMARK [1][-]{section.3.1}{\376\377\000A\000s\000t\000r\000o\000n\000o\000m\000y\000\040\000T\000e\000r\000m\000s}{chapter.3}% 7
\BOOKMARK [2][-]{subsection.3.1.1}{\376\377\000T\000h\000e\000\040\000C\000e\000l\000e\000s\000t\000i\000a\000l\000\040\000S\000p\000h\000e\000r\000e}{section.3.1}% 8
\BOOKMARK [2][-]{subsection.3.1.2}{\376\377\000A\000l\000t\000i\000t\000u\000d\000e\000-\000A\000z\000i\000m\000u\000t\000h\000\040\000C\000o\000o\000r\000d\000i\000n\000a\000t\000e\000\040\000S\000y\000s\000t\000e\000m}{section.3.1}% 9
\BOOKMARK [1][-]{section.3.2}{\376\377\000R\000a\000d\000i\000o\000/\000\050\000s\000u\000b\000\051\000-\000m\000m\000\040\000t\000e\000l\000e\000s\000c\000o\000p\000e\000\040\000b\000a\000s\000i\000c\000s}{chapter.3}% 10
\BOOKMARK [1][-]{section.3.3}{\376\377\000P\000o\000i\000n\000t\000i\000n\000g\000\040\000m\000o\000d\000e\000l}{chapter.3}% 11
\BOOKMARK [2][-]{subsection.3.3.1}{\376\377\000A\000n\000a\000l\000y\000t\000i\000c\000a\000l\000\040\000M\000o\000d\000e\000l}{section.3.3}% 12
\BOOKMARK [3][-]{section*.4}{\376\377\000H\000a\000r\000m\000o\000n\000i\000c\000\040\000t\000e\000r\000m\000s}{subsection.3.3.1}% 13
\BOOKMARK [3][-]{section*.5}{\376\377\000A\000z\000/\000E\000l\000\040\000n\000o\000n\000-\000p\000e\000r\000p\000e\000n\000d\000i\000c\000u\000l\000a\000r\000i\000t\000y\000\040\000\050\000N\000P\000A\000E\000\051}{subsection.3.3.1}% 14
\BOOKMARK [3][-]{section*.6}{\376\377\000H\000o\000r\000i\000z\000o\000n\000t\000a\000l\000\040\000d\000i\000s\000p\000l\000a\000c\000e\000m\000e\000n\000t\000\040\000o\000f\000\040\000N\000a\000s\000m\000y\000t\000h\000\040\000r\000o\000t\000a\000t\000o\000r}{subsection.3.3.1}% 15
\BOOKMARK [3][-]{section*.7}{\376\377\000L\000e\000f\000t\000-\000r\000i\000g\000h\000t\000\040\000c\000o\000l\000l\000i\000m\000a\000t\000i\000o\000n\000\040\000e\000r\000r\000o\000r}{subsection.3.3.1}% 16
\BOOKMARK [3][-]{section*.8}{\376\377\000A\000z\000i\000m\000u\000t\000h\000\040\000a\000n\000d\000\040\000e\000l\000e\000v\000a\000t\000i\000o\000n\000\040\000i\000n\000d\000e\000x\000\040\000e\000r\000r\000o\000r}{subsection.3.3.1}% 17
\BOOKMARK [3][-]{section*.9}{\376\377\000A\000z\000i\000m\000u\000t\000h\000\040\000a\000x\000i\000s\000\040\000m\000i\000s\000a\000l\000i\000g\000n\000m\000e\000n\000t}{subsection.3.3.1}% 18
\BOOKMARK [2][-]{subsection.3.3.2}{\376\377\000P\000o\000i\000n\000t\000i\000n\000g\000\040\000c\000o\000r\000r\000e\000c\000t\000i\000o\000n\000s}{section.3.3}% 19
\BOOKMARK [1][-]{section.3.4}{\376\377\000R\000e\000s\000e\000a\000r\000c\000h\000\040\000q\000u\000e\000s\000t\000i\000o\000n\000s\000\040\000a\000n\000d\000\040\000r\000e\000l\000a\000t\000e\000d\000\040\000w\000o\000r\000k\000s}{chapter.3}% 20
\BOOKMARK [1][-]{section.3.5}{\376\377\000D\000a\000t\000a\000b\000a\000s\000e}{chapter.3}% 21
\BOOKMARK [2][-]{subsection.3.5.1}{\376\377\000R\000a\000w\000\040\000D\000a\000t\000a}{section.3.5}% 22
\BOOKMARK [2][-]{subsection.3.5.2}{\376\377\000T\000h\000e\000\040\000M\000o\000n\000i\000t\000o\000r\000\040\000D\000a\000t\000a\000b\000a\000s\000e}{section.3.5}% 23
\BOOKMARK [2][-]{subsection.3.5.3}{\376\377\000P\000o\000i\000n\000t\000i\000n\000g\000\040\000s\000c\000a\000n\000\040\000d\000a\000t\000a}{section.3.5}% 24
\BOOKMARK [2][-]{subsection.3.5.4}{\376\377\000T\000i\000l\000t\000m\000e\000t\000e\000r\000\040\000d\000u\000m\000p\000\040\000f\000i\000l\000e\000s}{section.3.5}% 25
\BOOKMARK [0][-]{chapter.4}{\376\377\000M\000a\000c\000h\000i\000n\000e\000\040\000L\000e\000a\000r\000n\000i\000n\000g\000\040\000B\000a\000c\000k\000g\000r\000o\000u\000n\000d}{}% 26
\BOOKMARK [1][-]{section.4.1}{\376\377\000S\000u\000p\000e\000r\000v\000i\000s\000e\000d\000\040\000l\000e\000a\000r\000n\000i\000n\000g}{chapter.4}% 27
\BOOKMARK [1][-]{section.4.2}{\376\377\000L\000o\000s\000s\000/\000C\000o\000s\000t}{chapter.4}% 28
\BOOKMARK [2][-]{subsection.4.2.1}{\376\377\000L\000o\000s\000s\000\040\000F\000u\000n\000c\000t\000i\000o\000n\000s}{section.4.2}% 29
\BOOKMARK [1][-]{section.4.3}{\376\377\000T\000r\000a\000i\000n\000/\000t\000e\000s\000t\000\040\000s\000e\000t}{chapter.4}% 30
\BOOKMARK [1][-]{section.4.4}{\376\377\000S\000c\000a\000l\000i\000n\000g}{chapter.4}% 31
\BOOKMARK [1][-]{section.4.5}{\376\377\000D\000e\000c\000i\000s\000i\000o\000n\000\040\000T\000r\000e\000e\000s}{chapter.4}% 32
\BOOKMARK [1][-]{section.4.6}{\376\377\000N\000e\000u\000r\000a\000l\000\040\000N\000e\000t\000w\000o\000r\000k\000s}{chapter.4}% 33
\BOOKMARK [2][-]{subsection.4.6.1}{\376\377\000B\000a\000c\000k\000p\000r\000o\000p\000a\000g\000a\000t\000i\000o\000n}{section.4.6}% 34
\BOOKMARK [2][-]{subsection.4.6.2}{\376\377\000G\000r\000a\000d\000i\000e\000n\000t\000\040\000D\000e\000s\000c\000e\000n\000t}{section.4.6}% 35
\BOOKMARK [2][-]{subsection.4.6.3}{\376\377\000S\000t\000o\000c\000h\000a\000s\000t\000i\000c\000\040\000G\000r\000a\000d\000i\000e\000n\000t\000\040\000D\000e\000s\000c\000e\000n\000t}{section.4.6}% 36
\BOOKMARK [2][-]{subsection.4.6.4}{\376\377\000M\000o\000m\000e\000n\000t\000u\000m\000\040\000G\000P\000T}{section.4.6}% 37
\BOOKMARK [2][-]{subsection.4.6.5}{\376\377\000A\000d\000a\000m\000\040\000G\000P\000T}{section.4.6}% 38
\BOOKMARK [2][-]{subsection.4.6.6}{\376\377\000A\000c\000t\000i\000v\000a\000t\000i\000o\000n\000\040\000f\000u\000n\000c\000t\000i\000o\000n\000s}{section.4.6}% 39
\BOOKMARK [1][-]{section.4.7}{\376\377\000M\000o\000d\000e\000l\000\040\000E\000x\000p\000l\000a\000i\000n\000a\000b\000i\000l\000i\000t\000y}{chapter.4}% 40
\BOOKMARK [2][-]{subsection.4.7.1}{\376\377\000S\000H\000A\000P}{section.4.7}% 41
\BOOKMARK [2][-]{subsection.4.7.2}{\376\377\000S\000A\000G\000E}{section.4.7}% 42
\BOOKMARK [1][-]{section.4.8}{\376\377\000M\000u\000t\000u\000a\000l\000\040\000I\000n\000f\000o\000r\000m\000a\000t\000i\000o\000n}{chapter.4}% 43
\BOOKMARK [0][-]{chapter.5}{\376\377\000M\000e\000t\000h\000o\000d}{}% 44
\BOOKMARK [1][-]{section.5.1}{\376\377\000C\000l\000e\000a\000n\000i\000n\000g\000\040\000p\000o\000i\000n\000t\000i\000n\000g\000\040\000s\000c\000a\000n\000\040\000d\000a\000t\000a}{chapter.5}% 45
\BOOKMARK [2][-]{subsection.5.1.1}{\376\377\000C\000l\000e\000a\000n\000i\000n\000g\000\040\000c\000r\000i\000t\000e\000r\000i\000a}{section.5.1}% 46
\BOOKMARK [2][-]{subsection.5.1.2}{\376\377\000P\000o\000i\000n\000t\000i\000n\000g\000\040\000s\000c\000a\000n\000\040\000c\000l\000a\000s\000s\000i\000f\000i\000e\000r}{section.5.1}% 47
\BOOKMARK [3][-]{section*.41}{\376\377\000M\000e\000t\000h\000o\000d}{subsection.5.1.2}% 48
\BOOKMARK [3][-]{section*.43}{\376\377\000R\000e\000s\000u\000l\000t\000s}{subsection.5.1.2}% 49
\BOOKMARK [1][-]{section.5.2}{\376\377\000S\000c\000a\000n\000\040\000d\000u\000r\000a\000t\000i\000o\000n\000\040\000a\000n\000a\000l\000y\000s\000i\000s}{chapter.5}% 50
\BOOKMARK [2][-]{subsection.5.2.1}{\376\377\000A\000n\000a\000l\000y\000s\000i\000s}{section.5.2}% 51
\BOOKMARK [2][-]{subsection.5.2.2}{\376\377\000A\000l\000g\000o\000r\000i\000t\000h\000m}{section.5.2}% 52
\BOOKMARK [2][-]{subsection.5.2.3}{\376\377\000R\000e\000s\000u\000l\000t\000s}{section.5.2}% 53
\BOOKMARK [1][-]{section.5.3}{\376\377\000F\000e\000a\000t\000u\000r\000e\000\040\000E\000n\000g\000i\000n\000e\000e\000r\000i\000n\000g}{chapter.5}% 54
\BOOKMARK [2][-]{subsection.5.3.1}{\376\377\000L\000i\000s\000t\000\040\000o\000f\000\040\000f\000e\000a\000t\000u\000r\000e\000s}{section.5.3}% 55
\BOOKMARK [1][-]{section.5.4}{\376\377\000T\000r\000a\000n\000s\000f\000o\000r\000m\000a\000t\000i\000o\000n\000\040\000o\000f\000\040\000p\000o\000i\000n\000t\000i\000n\000g\000\040\000o\000f\000f\000s\000e\000t\000s\000\040\000a\000n\000d\000\040\000c\000o\000r\000r\000e\000c\000t\000i\000o\000n\000s}{chapter.5}% 56
\BOOKMARK [1][-]{section.5.5}{\376\377\000M\000a\000c\000h\000i\000n\000e\000\040\000L\000e\000a\000r\000n\000i\000n\000g\000\040\000E\000x\000p\000e\000r\000i\000m\000e\000n\000t\000s}{chapter.5}% 57
\BOOKMARK [2][-]{subsection.5.5.1}{\376\377\000E\000x\000p\000e\000r\000i\000m\000e\000n\000t\000\040\0001\000:\000\040\000P\000o\000i\000n\000t\000i\000n\000g\000\040\000M\000o\000d\000e\000l\000\040\000u\000s\000i\000n\000g\000\040\000N\000e\000u\000r\000a\000l\000\040\000N\000e\000t\000w\000o\000r\000k\000s}{section.5.5}% 58
\BOOKMARK [3][-]{section*.54}{\376\377\000F\000e\000a\000t\000u\000r\000e\000\040\000S\000e\000l\000e\000c\000t\000i\000o\000n}{subsection.5.5.1}% 59
\BOOKMARK [3][-]{section*.55}{\376\377\000M\000o\000d\000e\000l\000\040\000A\000r\000c\000h\000i\000t\000e\000c\000t\000u\000r\000e}{subsection.5.5.1}% 60
\BOOKMARK [3][-]{section*.58}{\376\377\000L\000o\000s\000s\000\040\000F\000u\000n\000c\000t\000i\000o\000n\000\040\000a\000n\000d\000\040\000M\000o\000d\000e\000l\000\040\000E\000v\000a\000l\000u\000a\000t\000i\000o\000n}{subsection.5.5.1}% 61
\BOOKMARK [2][-]{subsection.5.5.2}{\376\377\000E\000x\000p\000e\000r\000i\000m\000e\000n\000t\000\040\0002\000:\000\040\000P\000o\000i\000n\000t\000i\000n\000g\000\040\000C\000o\000r\000r\000e\000c\000t\000i\000o\000n\000\040\000M\000o\000d\000e\000l}{section.5.5}% 62
\BOOKMARK [3][-]{section*.60}{\376\377\000F\000e\000a\000t\000u\000r\000e\000\040\000S\000e\000l\000e\000c\000t\000i\000o\000n}{subsection.5.5.2}% 63
\BOOKMARK [3][-]{section*.61}{\376\377\000M\000o\000d\000e\000l\000\040\000A\000r\000c\000h\000i\000t\000e\000c\000t\000u\000r\000e}{subsection.5.5.2}% 64
\BOOKMARK [3][-]{section*.63}{\376\377\000M\000o\000d\000e\000l\000\040\000E\000v\000a\000l\000u\000a\000t\000i\000o\000n}{subsection.5.5.2}% 65
\BOOKMARK [0][-]{chapter.6}{\376\377\000R\000e\000s\000u\000l\000t\000s}{}% 66
\BOOKMARK [1][-]{section.6.1}{\376\377\000E\000x\000p\000e\000r\000i\000m\000e\000n\000t\000\040\0001\000:\000\040\000P\000o\000i\000n\000t\000i\000n\000g\000\040\000M\000o\000d\000e\000l\000\040\000u\000s\000i\000n\000g\000\040\000N\000e\000u\000r\000a\000l\000\040\000N\000e\000t\000w\000o\000r\000k\000s}{chapter.6}% 67
\BOOKMARK [1][-]{section.6.2}{\376\377\000E\000x\000p\000e\000r\000i\000m\000e\000n\000t\000\040\0002\000:\000\040\000P\000o\000i\000n\000t\000i\000n\000g\000\040\000C\000o\000r\000r\000e\000c\000t\000i\000o\000n\000\040\000M\000o\000d\000e\000l}{chapter.6}% 68
\BOOKMARK [1][-]{section.6.3}{\376\377\000T\000e\000s\000t\000i\000n\000g}{chapter.6}% 69
\BOOKMARK [0][-]{chapter.7}{\376\377\000D\000i\000s\000c\000u\000s\000s\000i\000o\000n}{}% 70
\BOOKMARK [0][-]{chapter.8}{\376\377\000C\000o\000n\000c\000l\000u\000s\000i\000o\000n}{}% 71
\BOOKMARK [1][-]{section.Alph0.1}{\376\377\000P\000o\000i\000n\000t\000i\000n\000g\000\040\000C\000o\000r\000r\000e\000c\000t\000i\000o\000n\000\040\000R\000e\000s\000u\000l\000t\000s}{chapter.8}% 72
\BOOKMARK [1][-]{section.Alph0.2}{\376\377\000R\000a\000w\000\040\000d\000a\000t\000a\000\040\000c\000o\000r\000r\000e\000l\000a\000t\000i\000o\000n}{chapter.8}% 73
\BOOKMARK [1][-]{section.Alph0.3}{\376\377\000B\000a\000s\000e\000\040\000p\000o\000i\000n\000t\000i\000n\000g\000\040\000m\000o\000d\000e\000l\000\040\000r\000e\000s\000u\000l\000t\000s}{chapter.8}% 74
