This is pdfTeX, Version 3.141592653-2.6-1.40.25 (MiKTeX 23.4) (preloaded format=pdflatex 2023.4.29)  15 MAY 2023 00:33
entering extended mode
 restricted \write18 enabled.
 file:line:error style messages enabled.
 %&-line parsing enabled.
**c:/Users/bendi/Uni/Master-Thesis/main.tex
(c:/Users/bendi/Uni/Master-Thesis/main.tex
LaTeX2e <2022-11-01> patch level 1
L3 programming layer <2023-03-30> (C:\Users\bendi\AppData\Local\Programs\MiKTeX\tex/latex/base\report.cls
Document Class: report 2022/07/02 v1.4n Standard LaTeX document class
(C:\Users\bendi\AppData\Local\Programs\MiKTeX\tex/latex/base\size11.clo
File: size11.clo 2022/07/02 v1.4n Standard LaTeX file (size option)
)
\c@part=\count185
\c@chapter=\count186
\c@section=\count187
\c@subsection=\count188
\c@subsubsection=\count189
\c@paragraph=\count190
\c@subparagraph=\count191
\c@figure=\count192
\c@table=\count193
\abovecaptionskip=\skip48
\belowcaptionskip=\skip49
\bibindent=\dimen140
) (C:\Users\bendi\AppData\Local\Programs\MiKTeX\tex/generic/babel\babel.sty
Package: babel 2023/03/28 3.87 The Babel package
\babel@savecnt=\count194
\U@D=\dimen141
\l@unhyphenated=\language79
 (C:\Users\bendi\AppData\Local\Programs\MiKTeX\tex/generic/babel\txtbabel.def)
\bbl@readstream=\read2
\bbl@dirlevel=\count195

*************************************
* Local config file bblopts.cfg used
*
(C:\Users\bendi\AppData\Local\Programs\MiKTeX\tex/latex/arabi\bblopts.cfg
File: bblopts.cfg 2005/09/08 v0.1 add Arabic and Farsi to "declared" options of babel
) (C:\Users\bendi\AppData\Local\Programs\MiKTeX\tex/latex/babel-english\USenglish.ldf
Language: USenglish 2017/06/06 v3.3r English support from the babel system
 (C:\Users\bendi\AppData\Local\Programs\MiKTeX\tex/latex/babel-english\english.ldf
Language: english 2017/06/06 v3.3r English support from the babel system
Package babel Info: Hyphen rules for 'canadian' set to \l@english
(babel)             (\language0). Reported on input line 102.
Package babel Info: Hyphen rules for 'australian' set to \l@ukenglish
(babel)             (\language73). Reported on input line 105.
Package babel Info: Hyphen rules for 'newzealand' set to \l@ukenglish
(babel)             (\language73). Reported on input line 108.
))) (C:\Users\bendi\AppData\Local\Programs\MiKTeX\tex/generic/babel/locale/en\babel-usenglish.tex
Package babel Info: Importing font and identification data for USenglish
(babel)             from babel-en-US.ini. Reported on input line 11.
) (folder/uiomasterfp.sty

LaTeX Warning: You have requested package `folder/uiomasterfp',
               but the package provides `uiomasterfp'.

Package: uiomasterfp 2023/02/16 v1.5 UiO master's thesis front page class
(C:\Users\bendi\AppData\Local\Programs\MiKTeX\tex/latex/graphics\color.sty
Package: color 2022/01/06 v1.3d Standard LaTeX Color (DPC)
 (C:\Users\bendi\AppData\Local\Programs\MiKTeX\tex/latex/graphics-cfg\color.cfg
File: color.cfg 2016/01/02 v1.6 sample color configuration
)
Package color Info: Driver file: pdftex.def on input line 149.
 (C:\Users\bendi\AppData\Local\Programs\MiKTeX\tex/latex/graphics-def\pdftex.def
File: pdftex.def 2022/09/22 v1.2b Graphics/color driver for pdftex
) (C:\Users\bendi\AppData\Local\Programs\MiKTeX\tex/latex/graphics\mathcolor.ltx)) (C:\Users\bendi\AppData\Local\Programs\MiKTeX\tex/latex/eso-pic\eso-pic.sty
Package: eso-pic 2023/03/23 v3.0b eso-pic (RN)
\ESO@tempdima=\dimen142
\ESO@tempdimb=\dimen143
 (C:\Users\bendi\AppData\Local\Programs\MiKTeX\tex/latex/graphics\keyval.sty
Package: keyval 2022/05/29 v1.15 key=value parser (DPC)
\KV@toks@=\toks16
)) (C:\Users\bendi\AppData\Local\Programs\MiKTeX\tex/latex/graphics\graphicx.sty
Package: graphicx 2021/09/16 v1.2d Enhanced LaTeX Graphics (DPC,SPQR)
 (C:\Users\bendi\AppData\Local\Programs\MiKTeX\tex/latex/graphics\graphics.sty
Package: graphics 2022/03/10 v1.4e Standard LaTeX Graphics (DPC,SPQR)
 (C:\Users\bendi\AppData\Local\Programs\MiKTeX\tex/latex/graphics\trig.sty
Package: trig 2021/08/11 v1.11 sin cos tan (DPC)
) (C:\Users\bendi\AppData\Local\Programs\MiKTeX\tex/latex/graphics-cfg\graphics.cfg
File: graphics.cfg 2016/06/04 v1.11 sample graphics configuration
)
Package graphics Info: Driver file: pdftex.def on input line 107.
)
\Gin@req@height=\dimen144
\Gin@req@width=\dimen145
) (C:\Users\bendi\AppData\Local\Programs\MiKTeX\tex/latex/xifthen\xifthen.sty
Package: xifthen 2015/11/05 v1.4.0 Extended ifthen features
 (C:\Users\bendi\AppData\Local\Programs\MiKTeX\tex/latex/tools\calc.sty
Package: calc 2017/05/25 v4.3 Infix arithmetic (KKT,FJ)
\calc@Acount=\count196
\calc@Bcount=\count197
\calc@Adimen=\dimen146
\calc@Bdimen=\dimen147
\calc@Askip=\skip50
\calc@Bskip=\skip51
LaTeX Info: Redefining \setlength on input line 80.
LaTeX Info: Redefining \addtolength on input line 81.
\calc@Ccount=\count198
\calc@Cskip=\skip52
) (C:\Users\bendi\AppData\Local\Programs\MiKTeX\tex/latex/base\ifthen.sty
Package: ifthen 2022/04/13 v1.1d Standard LaTeX ifthen package (DPC)
) (C:\Users\bendi\AppData\Local\Programs\MiKTeX\tex/latex/ifmtarg\ifmtarg.sty
Package: ifmtarg 2018/04/16 v1.2b check for an empty argument
)) (C:\Users\bendi\AppData\Local\Programs\MiKTeX\tex/latex/type1cm\type1cm.sty
Package: type1cm 2002/09/05 v0.04 BlueSky/Y&Y Type1 CM font definitions (DPC, patched RF)
) (C:\Users\bendi\AppData\Local\Programs\MiKTeX\tex/latex/cm-super\type1ec.sty
Package: type1ec 2002/09/07 v1.1 Type1 EC font definitions (for CM-Super fonts)
 (C:\Users\bendi\AppData\Local\Programs\MiKTeX\tex/latex/base\t1cmr.fd
File: t1cmr.fd 2022/07/10 v2.5l Standard LaTeX font definitions
))
\c@uiomfp@cur@year=\count199
\c@uiomfp@cur@month=\count266
\c@uiomfp@bind@w=\count267
) (C:\Users\bendi\AppData\Local\Programs\MiKTeX\tex/latex/psnfss\helvet.sty
Package: helvet 2020/03/25 PSNFSS-v9.3 (WaS) 
) (C:\Users\bendi\AppData\Local\Programs\MiKTeX\tex/latex/xcolor\xcolor.sty
Package: xcolor 2022/06/12 v2.14 LaTeX color extensions (UK)
 (C:\Users\bendi\AppData\Local\Programs\MiKTeX\tex/latex/graphics-cfg\color.cfg
File: color.cfg 2016/01/02 v1.6 sample color configuration
)
Package xcolor Info: Driver file: pdftex.def on input line 227.
 (C:\Users\bendi\AppData\Local\Programs\MiKTeX\tex/latex/colortbl\colortbl.sty
Package: colortbl 2022/06/20 v1.0f Color table columns (DPC)
 (C:\Users\bendi\AppData\Local\Programs\MiKTeX\tex/latex/tools\array.sty
Package: array 2022/09/04 v2.5g Tabular extension package (FMi)
\col@sep=\dimen148
\ar@mcellbox=\box51
\extrarowheight=\dimen149
\NC@list=\toks17
\extratabsurround=\skip53
\backup@length=\skip54
\ar@cellbox=\box52
)
\everycr=\toks18
\minrowclearance=\skip55
\rownum=\count268
)
LaTeX Info: Redefining \color on input line 711.
 (C:\Users\bendi\AppData\Local\Programs\MiKTeX\tex/latex/graphics\mathcolor.ltx)
Package xcolor Info: Model `cmy' substituted by `cmy0' on input line 1353.
Package xcolor Info: Model `hsb' substituted by `rgb' on input line 1357.
Package xcolor Info: Model `RGB' extended on input line 1369.
Package xcolor Info: Model `HTML' substituted by `rgb' on input line 1371.
Package xcolor Info: Model `Hsb' substituted by `hsb' on input line 1372.
Package xcolor Info: Model `tHsb' substituted by `hsb' on input line 1373.
Package xcolor Info: Model `HSB' substituted by `hsb' on input line 1374.
Package xcolor Info: Model `Gray' substituted by `gray' on input line 1375.
Package xcolor Info: Model `wave' substituted by `hsb' on input line 1376.
) (C:\Users\bendi\AppData\Local\Programs\MiKTeX\tex/latex/tools\bm.sty
Package: bm 2022/01/05 v1.2f Bold Symbol Support (DPC/FMi)
\symboldoperators=\mathgroup4
\symboldletters=\mathgroup5
\symboldsymbols=\mathgroup6
Package bm Info: No bold for \OMX/cmex/m/n, using \pmb.
LaTeX Font Info:    Redeclaring math alphabet \mathbf on input line 149.
) (C:\Users\bendi\AppData\Local\Programs\MiKTeX\tex/latex/ltablex\ltablex.sty
Package: ltablex 2014/08/13 v1.1 Modified tabularx
 (C:\Users\bendi\AppData\Local\Programs\MiKTeX\tex/latex/tools\longtable.sty
Package: longtable 2021-09-01 v4.17 Multi-page Table package (DPC)
\LTleft=\skip56
\LTright=\skip57
\LTpre=\skip58
\LTpost=\skip59
\LTchunksize=\count269
\LTcapwidth=\dimen150
\LT@head=\box53
\LT@firsthead=\box54
\LT@foot=\box55
\LT@lastfoot=\box56
\LT@gbox=\box57
\LT@cols=\count270
\LT@rows=\count271
\c@LT@tables=\count272
\c@LT@chunks=\count273
\LT@p@ftn=\toks19
) (C:\Users\bendi\AppData\Local\Programs\MiKTeX\tex/latex/tools\tabularx.sty
Package: tabularx 2020/01/15 v2.11c `tabularx' package (DPC)
\TX@col@width=\dimen151
\TX@old@table=\dimen152
\TX@old@col=\dimen153
\TX@target=\dimen154
\TX@delta=\dimen155
\TX@cols=\count274
\TX@ftn=\toks20
)) (C:\Users\bendi\AppData\Local\Programs\MiKTeX\tex/latex/microtype\microtype.sty
Package: microtype 2023/03/13 v3.1a Micro-typographical refinements (RS)
 (C:\Users\bendi\AppData\Local\Programs\MiKTeX\tex/latex/etoolbox\etoolbox.sty
Package: etoolbox 2020/10/05 v2.5k e-TeX tools for LaTeX (JAW)
\etb@tempcnta=\count275
)
\MT@toks=\toks21
\MT@tempbox=\box58
\MT@count=\count276
LaTeX Info: Redefining \noprotrusionifhmode on input line 1059.
LaTeX Info: Redefining \leftprotrusion on input line 1060.
\MT@prot@toks=\toks22
LaTeX Info: Redefining \rightprotrusion on input line 1078.
LaTeX Info: Redefining \textls on input line 1368.
\MT@outer@kern=\dimen156
LaTeX Info: Redefining \textmicrotypecontext on input line 1988.
\MT@listname@count=\count277
 (C:\Users\bendi\AppData\Local\Programs\MiKTeX\tex/latex/microtype\microtype-pdftex.def
File: microtype-pdftex.def 2023/03/13 v3.1a Definitions specific to pdftex (RS)
LaTeX Info: Redefining \lsstyle on input line 902.
LaTeX Info: Redefining \lslig on input line 902.
\MT@outer@space=\skip60
)
Package microtype Info: Loading configuration file microtype.cfg.
 (C:\Users\bendi\AppData\Local\Programs\MiKTeX\tex/latex/microtype\microtype.cfg
File: microtype.cfg 2023/03/13 v3.1a microtype main configuration file (RS)
)) (C:\Users\bendi\AppData\Local\Programs\MiKTeX\tex/latex/booktabs\booktabs.sty
Package: booktabs 2020/01/12 v1.61803398 Publication quality tables
\heavyrulewidth=\dimen157
\lightrulewidth=\dimen158
\cmidrulewidth=\dimen159
\belowrulesep=\dimen160
\belowbottomsep=\dimen161
\aboverulesep=\dimen162
\abovetopsep=\dimen163
\cmidrulesep=\dimen164
\cmidrulekern=\dimen165
\defaultaddspace=\dimen166
\@cmidla=\count278
\@cmidlb=\count279
\@aboverulesep=\dimen167
\@belowrulesep=\dimen168
\@thisruleclass=\count280
\@lastruleclass=\count281
\@thisrulewidth=\dimen169
) (C:\Users\bendi\AppData\Local\Programs\MiKTeX\tex/latex/caption\caption.sty
Package: caption 2023/03/12 v3.6j Customizing captions (AR)
 (C:\Users\bendi\AppData\Local\Programs\MiKTeX\tex/latex/caption\caption3.sty
Package: caption3 2023/03/12 v2.4 caption3 kernel (AR)
\caption@tempdima=\dimen170
\captionmargin=\dimen171
\caption@leftmargin=\dimen172
\caption@rightmargin=\dimen173
\caption@width=\dimen174
\caption@indent=\dimen175
\caption@parindent=\dimen176
\caption@hangindent=\dimen177
Package caption Info: Standard document class detected.
)
\c@caption@flags=\count282
\c@continuedfloat=\count283
Package caption Info: longtable package is loaded.
 (C:\Users\bendi\AppData\Local\Programs\MiKTeX\tex/latex/caption\ltcaption.sty
Package: ltcaption 2021/01/08 v1.4c longtable captions (AR)
)) (C:\Users\bendi\AppData\Local\Programs\MiKTeX\tex/latex/caption\subcaption.sty
Package: subcaption 2023/02/19 v1.6 Sub-captions (AR)
Package caption Info: New subtype `subfigure' on input line 239.
\c@subfigure=\count284
Package caption Info: New subtype `subtable' on input line 239.
\c@subtable=\count285
) (C:\Users\bendi\AppData\Local\Programs\MiKTeX\tex/latex/blkarray\blkarray.sty
Package: blkarray 2015/02/27 v0.07 Block array (dpc)
\c@BAenumi=\count286
\BA@col=\count287
\BA@block@cnt=\count288
\BA@final@box=\box59
\BA@first@box=\box60
\BA@colsep=\dimen178
\BA@ftn=\toks23
\BAextrarowheight=\dimen179
\BAextraheightafterhline=\dimen180
\BAarrayrulewidth=\dimen181
\BAdoublerulesep=\dimen182
\BAfootskip=\dimen183
\BA@dashbox=\box61
\BA@ddashbox=\box62
) (C:\Users\bendi\AppData\Local\Programs\MiKTeX\tex/latex/fancyvrb\fancyvrb.sty
Package: fancyvrb 2023/01/19 4.5a verbatim text (tvz,hv)
\FV@CodeLineNo=\count289
\FV@InFile=\read3
\FV@TabBox=\box63
\c@FancyVerbLine=\count290
\FV@StepNumber=\count291
\FV@OutFile=\write3
) (C:\Users\bendi\AppData\Local\Programs\MiKTeX\tex/latex/base\alltt.sty
Package: alltt 2021/01/29 v2.0g defines alltt environment
) (C:\Users\bendi\AppData\Local\Programs\MiKTeX\tex/latex/subfiles\subfiles.sty
Package: subfiles 2020/11/14 v2.2 Multi-file projects (package)
 (C:\Users\bendi\AppData\Local\Programs\MiKTeX\tex/latex/import\import.sty
Package: import 2020/04/01  v 6.2
)) (C:\Users\bendi\AppData\Local\Programs\MiKTeX\tex/latex/base\inputenc.sty
Package: inputenc 2021/02/14 v1.3d Input encoding file
\inpenc@prehook=\toks24
\inpenc@posthook=\toks25
) (C:\Users\bendi\AppData\Local\Programs\MiKTeX\tex/latex/amsmath\amsmath.sty
Package: amsmath 2022/04/08 v2.17n AMS math features
\@mathmargin=\skip61

For additional information on amsmath, use the `?' option.
(C:\Users\bendi\AppData\Local\Programs\MiKTeX\tex/latex/amsmath\amstext.sty
Package: amstext 2021/08/26 v2.01 AMS text
 (C:\Users\bendi\AppData\Local\Programs\MiKTeX\tex/latex/amsmath\amsgen.sty
File: amsgen.sty 1999/11/30 v2.0 generic functions
\@emptytoks=\toks26
\ex@=\dimen184
)) (C:\Users\bendi\AppData\Local\Programs\MiKTeX\tex/latex/amsmath\amsbsy.sty
Package: amsbsy 1999/11/29 v1.2d Bold Symbols
LaTeX Info: Redefining \boldsymbol on input line 28.
\pmbraise@=\dimen185
) (C:\Users\bendi\AppData\Local\Programs\MiKTeX\tex/latex/amsmath\amsopn.sty
Package: amsopn 2022/04/08 v2.04 operator names
)
\inf@bad=\count292
LaTeX Info: Redefining \frac on input line 234.
\uproot@=\count293
\leftroot@=\count294
LaTeX Info: Redefining \overline on input line 399.
LaTeX Info: Redefining \colon on input line 410.
\classnum@=\count295
\DOTSCASE@=\count296
LaTeX Info: Redefining \ldots on input line 496.
LaTeX Info: Redefining \dots on input line 499.
LaTeX Info: Redefining \cdots on input line 620.
\Mathstrutbox@=\box64
\strutbox@=\box65
LaTeX Info: Redefining \big on input line 722.
LaTeX Info: Redefining \Big on input line 723.
LaTeX Info: Redefining \bigg on input line 724.
LaTeX Info: Redefining \Bigg on input line 725.
\big@size=\dimen186
LaTeX Font Info:    Redeclaring font encoding OML on input line 743.
LaTeX Font Info:    Redeclaring font encoding OMS on input line 744.
\macc@depth=\count297
LaTeX Info: Redefining \bmod on input line 905.
LaTeX Info: Redefining \pmod on input line 910.
LaTeX Info: Redefining \smash on input line 940.
LaTeX Info: Redefining \relbar on input line 970.
LaTeX Info: Redefining \Relbar on input line 971.
\c@MaxMatrixCols=\count298
\dotsspace@=\muskip16
\c@parentequation=\count299
\dspbrk@lvl=\count300
\tag@help=\toks27
\row@=\count301
\column@=\count302
\maxfields@=\count303
\andhelp@=\toks28
\eqnshift@=\dimen187
\alignsep@=\dimen188
\tagshift@=\dimen189
\tagwidth@=\dimen190
\totwidth@=\dimen191
\lineht@=\dimen192
\@envbody=\toks29
\multlinegap=\skip62
\multlinetaggap=\skip63
\mathdisplay@stack=\toks30
LaTeX Info: Redefining \[ on input line 2953.
LaTeX Info: Redefining \] on input line 2954.
) (C:\Users\bendi\AppData\Local\Programs\MiKTeX\tex/latex/amsfonts\amsfonts.sty
Package: amsfonts 2013/01/14 v3.01 Basic AMSFonts support
\symAMSa=\mathgroup7
\symAMSb=\mathgroup8
LaTeX Font Info:    Redeclaring math symbol \hbar on input line 98.
LaTeX Font Info:    Overwriting math alphabet `\mathfrak' in version `bold'
(Font)                  U/euf/m/n --> U/euf/b/n on input line 106.
) (C:\Users\bendi\AppData\Local\Programs\MiKTeX\tex/latex/multirow\multirow.sty
Package: multirow 2021/03/15 v2.8 Span multiple rows of a table
\multirow@colwidth=\skip64
\multirow@cntb=\count304
\multirow@dima=\skip65
\bigstrutjot=\dimen193
) (C:\Users\bendi\AppData\Local\Programs\MiKTeX\tex/latex/fancyhdr\fancyhdr.sty
Package: fancyhdr 2022/11/09 v4.1 Extensive control of page headers and footers
\f@nch@headwidth=\skip66
\f@nch@O@elh=\skip67
\f@nch@O@erh=\skip68
\f@nch@O@olh=\skip69
\f@nch@O@orh=\skip70
\f@nch@O@elf=\skip71
\f@nch@O@erf=\skip72
\f@nch@O@olf=\skip73
\f@nch@O@orf=\skip74
) (C:\Users\bendi\AppData\Local\Programs\MiKTeX\tex/latex/listofitems\listofitems.sty (C:\Users\bendi\AppData\Local\Programs\MiKTeX\tex/generic/listofitems\listofitems.tex
\loi_cnt_foreach_nest=\count305
\loi_nestcnt=\count306
)
Package: listofitems 2019/08/21 v1.63 Grab items in lists using user-specified sep char (CT)
) (C:\Users\bendi\AppData\Local\Programs\MiKTeX\tex/latex/contour\contour.sty
Package: contour 2004/11/18 v2.14 Print contoured text (HH, MH)
\con@length=\skip75

Loading configuration file `contour.cfg'.
(C:\Users\bendi\AppData\Local\Programs\MiKTeX\tex/latex/contour\contour.cfg
File: contour.cfg 2004/11/18 v2.14 Print contoured text (HH, MH)
)
contour: Using driver file `pdftex.cnt'.
(C:\Users\bendi\AppData\Local\Programs\MiKTeX\tex/latex/contour\pdftex.cnt
File: pdftex.cnt 2004/11/18 v2.14 Print contoured text (HH, MH)
)) (C:\Users\bendi\AppData\Local\Programs\MiKTeX\tex/latex/pgf/frontendlayer\tikz.sty (C:\Users\bendi\AppData\Local\Programs\MiKTeX\tex/latex/pgf/basiclayer\pgf.sty (C:\Users\bendi\AppData\Local\Programs\MiKTeX\tex/latex/pgf/utilities\pgfrcs.sty (C:\Users\bendi\AppData\Local\Programs\MiKTeX\tex/generic/pgf/utilities\pgfutil-common.tex
\pgfutil@everybye=\toks31
\pgfutil@tempdima=\dimen194
\pgfutil@tempdimb=\dimen195
) (C:\Users\bendi\AppData\Local\Programs\MiKTeX\tex/generic/pgf/utilities\pgfutil-latex.def
\pgfutil@abb=\box66
) (C:\Users\bendi\AppData\Local\Programs\MiKTeX\tex/generic/pgf/utilities\pgfrcs.code.tex (C:\Users\bendi\AppData\Local\Programs\MiKTeX\tex/generic/pgf\pgf.revision.tex)
Package: pgfrcs 2023-01-15 v3.1.10 (3.1.10)
))
Package: pgf 2023-01-15 v3.1.10 (3.1.10)
 (C:\Users\bendi\AppData\Local\Programs\MiKTeX\tex/latex/pgf/basiclayer\pgfcore.sty (C:\Users\bendi\AppData\Local\Programs\MiKTeX\tex/latex/pgf/systemlayer\pgfsys.sty (C:\Users\bendi\AppData\Local\Programs\MiKTeX\tex/generic/pgf/systemlayer\pgfsys.code.tex
Package: pgfsys 2023-01-15 v3.1.10 (3.1.10)
 (C:\Users\bendi\AppData\Local\Programs\MiKTeX\tex/generic/pgf/utilities\pgfkeys.code.tex
\pgfkeys@pathtoks=\toks32
\pgfkeys@temptoks=\toks33
 (C:\Users\bendi\AppData\Local\Programs\MiKTeX\tex/generic/pgf/utilities\pgfkeyslibraryfiltered.code.tex
\pgfkeys@tmptoks=\toks34
))
\pgf@x=\dimen196
\pgf@y=\dimen197
\pgf@xa=\dimen198
\pgf@ya=\dimen199
\pgf@xb=\dimen256
\pgf@yb=\dimen257
\pgf@xc=\dimen258
\pgf@yc=\dimen259
\pgf@xd=\dimen260
\pgf@yd=\dimen261
\w@pgf@writea=\write4
\r@pgf@reada=\read4
\c@pgf@counta=\count307
\c@pgf@countb=\count308
\c@pgf@countc=\count309
\c@pgf@countd=\count310
\t@pgf@toka=\toks35
\t@pgf@tokb=\toks36
\t@pgf@tokc=\toks37
\pgf@sys@id@count=\count311
 (C:\Users\bendi\AppData\Local\Programs\MiKTeX\tex/generic/pgf/systemlayer\pgf.cfg
File: pgf.cfg 2023-01-15 v3.1.10 (3.1.10)
)
Driver file for pgf: pgfsys-pdftex.def
 (C:\Users\bendi\AppData\Local\Programs\MiKTeX\tex/generic/pgf/systemlayer\pgfsys-pdftex.def
File: pgfsys-pdftex.def 2023-01-15 v3.1.10 (3.1.10)
 (C:\Users\bendi\AppData\Local\Programs\MiKTeX\tex/generic/pgf/systemlayer\pgfsys-common-pdf.def
File: pgfsys-common-pdf.def 2023-01-15 v3.1.10 (3.1.10)
))) (C:\Users\bendi\AppData\Local\Programs\MiKTeX\tex/generic/pgf/systemlayer\pgfsyssoftpath.code.tex
File: pgfsyssoftpath.code.tex 2023-01-15 v3.1.10 (3.1.10)
\pgfsyssoftpath@smallbuffer@items=\count312
\pgfsyssoftpath@bigbuffer@items=\count313
) (C:\Users\bendi\AppData\Local\Programs\MiKTeX\tex/generic/pgf/systemlayer\pgfsysprotocol.code.tex
File: pgfsysprotocol.code.tex 2023-01-15 v3.1.10 (3.1.10)
)) (C:\Users\bendi\AppData\Local\Programs\MiKTeX\tex/generic/pgf/basiclayer\pgfcore.code.tex
Package: pgfcore 2023-01-15 v3.1.10 (3.1.10)
 (C:\Users\bendi\AppData\Local\Programs\MiKTeX\tex/generic/pgf/math\pgfmath.code.tex (C:\Users\bendi\AppData\Local\Programs\MiKTeX\tex/generic/pgf/math\pgfmathutil.code.tex) (C:\Users\bendi\AppData\Local\Programs\MiKTeX\tex/generic/pgf/math\pgfmathparser.code.tex
\pgfmath@dimen=\dimen262
\pgfmath@count=\count314
\pgfmath@box=\box67
\pgfmath@toks=\toks38
\pgfmath@stack@operand=\toks39
\pgfmath@stack@operation=\toks40
) (C:\Users\bendi\AppData\Local\Programs\MiKTeX\tex/generic/pgf/math\pgfmathfunctions.code.tex) (C:\Users\bendi\AppData\Local\Programs\MiKTeX\tex/generic/pgf/math\pgfmathfunctions.basic.code.tex) (C:\Users\bendi\AppData\Local\Programs\MiKTeX\tex/generic/pgf/math\pgfmathfunctions.trigonometric.code.tex) (C:\Users\bendi\AppData\Local\Programs\MiKTeX\tex/generic/pgf/math\pgfmathfunctions.random.code.tex) (C:\Users\bendi\AppData\Local\Programs\MiKTeX\tex/generic/pgf/math\pgfmathfunctions.comparison.code.tex) (C:\Users\bendi\AppData\Local\Programs\MiKTeX\tex/generic/pgf/math\pgfmathfunctions.base.code.tex) (C:\Users\bendi\AppData\Local\Programs\MiKTeX\tex/generic/pgf/math\pgfmathfunctions.round.code.tex) (C:\Users\bendi\AppData\Local\Programs\MiKTeX\tex/generic/pgf/math\pgfmathfunctions.misc.code.tex) (C:\Users\bendi\AppData\Local\Programs\MiKTeX\tex/generic/pgf/math\pgfmathfunctions.integerarithmetics.code.tex) (C:\Users\bendi\AppData\Local\Programs\MiKTeX\tex/generic/pgf/math\pgfmathcalc.code.tex) (C:\Users\bendi\AppData\Local\Programs\MiKTeX\tex/generic/pgf/math\pgfmathfloat.code.tex
\c@pgfmathroundto@lastzeros=\count315
)) (C:\Users\bendi\AppData\Local\Programs\MiKTeX\tex/generic/pgf/math\pgfint.code.tex) (C:\Users\bendi\AppData\Local\Programs\MiKTeX\tex/generic/pgf/basiclayer\pgfcorepoints.code.tex
File: pgfcorepoints.code.tex 2023-01-15 v3.1.10 (3.1.10)
\pgf@picminx=\dimen263
\pgf@picmaxx=\dimen264
\pgf@picminy=\dimen265
\pgf@picmaxy=\dimen266
\pgf@pathminx=\dimen267
\pgf@pathmaxx=\dimen268
\pgf@pathminy=\dimen269
\pgf@pathmaxy=\dimen270
\pgf@xx=\dimen271
\pgf@xy=\dimen272
\pgf@yx=\dimen273
\pgf@yy=\dimen274
\pgf@zx=\dimen275
\pgf@zy=\dimen276
) (C:\Users\bendi\AppData\Local\Programs\MiKTeX\tex/generic/pgf/basiclayer\pgfcorepathconstruct.code.tex
File: pgfcorepathconstruct.code.tex 2023-01-15 v3.1.10 (3.1.10)
\pgf@path@lastx=\dimen277
\pgf@path@lasty=\dimen278
) (C:\Users\bendi\AppData\Local\Programs\MiKTeX\tex/generic/pgf/basiclayer\pgfcorepathusage.code.tex
File: pgfcorepathusage.code.tex 2023-01-15 v3.1.10 (3.1.10)
\pgf@shorten@end@additional=\dimen279
\pgf@shorten@start@additional=\dimen280
) (C:\Users\bendi\AppData\Local\Programs\MiKTeX\tex/generic/pgf/basiclayer\pgfcorescopes.code.tex
File: pgfcorescopes.code.tex 2023-01-15 v3.1.10 (3.1.10)
\pgfpic=\box68
\pgf@hbox=\box69
\pgf@layerbox@main=\box70
\pgf@picture@serial@count=\count316
) (C:\Users\bendi\AppData\Local\Programs\MiKTeX\tex/generic/pgf/basiclayer\pgfcoregraphicstate.code.tex
File: pgfcoregraphicstate.code.tex 2023-01-15 v3.1.10 (3.1.10)
\pgflinewidth=\dimen281
) (C:\Users\bendi\AppData\Local\Programs\MiKTeX\tex/generic/pgf/basiclayer\pgfcoretransformations.code.tex
File: pgfcoretransformations.code.tex 2023-01-15 v3.1.10 (3.1.10)
\pgf@pt@x=\dimen282
\pgf@pt@y=\dimen283
\pgf@pt@temp=\dimen284
) (C:\Users\bendi\AppData\Local\Programs\MiKTeX\tex/generic/pgf/basiclayer\pgfcorequick.code.tex
File: pgfcorequick.code.tex 2023-01-15 v3.1.10 (3.1.10)
) (C:\Users\bendi\AppData\Local\Programs\MiKTeX\tex/generic/pgf/basiclayer\pgfcoreobjects.code.tex
File: pgfcoreobjects.code.tex 2023-01-15 v3.1.10 (3.1.10)
) (C:\Users\bendi\AppData\Local\Programs\MiKTeX\tex/generic/pgf/basiclayer\pgfcorepathprocessing.code.tex
File: pgfcorepathprocessing.code.tex 2023-01-15 v3.1.10 (3.1.10)
) (C:\Users\bendi\AppData\Local\Programs\MiKTeX\tex/generic/pgf/basiclayer\pgfcorearrows.code.tex
File: pgfcorearrows.code.tex 2023-01-15 v3.1.10 (3.1.10)
\pgfarrowsep=\dimen285
) (C:\Users\bendi\AppData\Local\Programs\MiKTeX\tex/generic/pgf/basiclayer\pgfcoreshade.code.tex
File: pgfcoreshade.code.tex 2023-01-15 v3.1.10 (3.1.10)
\pgf@max=\dimen286
\pgf@sys@shading@range@num=\count317
\pgf@shadingcount=\count318
) (C:\Users\bendi\AppData\Local\Programs\MiKTeX\tex/generic/pgf/basiclayer\pgfcoreimage.code.tex
File: pgfcoreimage.code.tex 2023-01-15 v3.1.10 (3.1.10)
) (C:\Users\bendi\AppData\Local\Programs\MiKTeX\tex/generic/pgf/basiclayer\pgfcoreexternal.code.tex
File: pgfcoreexternal.code.tex 2023-01-15 v3.1.10 (3.1.10)
\pgfexternal@startupbox=\box71
) (C:\Users\bendi\AppData\Local\Programs\MiKTeX\tex/generic/pgf/basiclayer\pgfcorelayers.code.tex
File: pgfcorelayers.code.tex 2023-01-15 v3.1.10 (3.1.10)
) (C:\Users\bendi\AppData\Local\Programs\MiKTeX\tex/generic/pgf/basiclayer\pgfcoretransparency.code.tex
File: pgfcoretransparency.code.tex 2023-01-15 v3.1.10 (3.1.10)
) (C:\Users\bendi\AppData\Local\Programs\MiKTeX\tex/generic/pgf/basiclayer\pgfcorepatterns.code.tex
File: pgfcorepatterns.code.tex 2023-01-15 v3.1.10 (3.1.10)
) (C:\Users\bendi\AppData\Local\Programs\MiKTeX\tex/generic/pgf/basiclayer\pgfcorerdf.code.tex
File: pgfcorerdf.code.tex 2023-01-15 v3.1.10 (3.1.10)
))) (C:\Users\bendi\AppData\Local\Programs\MiKTeX\tex/generic/pgf/modules\pgfmoduleshapes.code.tex
File: pgfmoduleshapes.code.tex 2023-01-15 v3.1.10 (3.1.10)
\pgfnodeparttextbox=\box72
) (C:\Users\bendi\AppData\Local\Programs\MiKTeX\tex/generic/pgf/modules\pgfmoduleplot.code.tex
File: pgfmoduleplot.code.tex 2023-01-15 v3.1.10 (3.1.10)
) (C:\Users\bendi\AppData\Local\Programs\MiKTeX\tex/latex/pgf/compatibility\pgfcomp-version-0-65.sty
Package: pgfcomp-version-0-65 2023-01-15 v3.1.10 (3.1.10)
\pgf@nodesepstart=\dimen287
\pgf@nodesepend=\dimen288
) (C:\Users\bendi\AppData\Local\Programs\MiKTeX\tex/latex/pgf/compatibility\pgfcomp-version-1-18.sty
Package: pgfcomp-version-1-18 2023-01-15 v3.1.10 (3.1.10)
)) (C:\Users\bendi\AppData\Local\Programs\MiKTeX\tex/latex/pgf/utilities\pgffor.sty (C:\Users\bendi\AppData\Local\Programs\MiKTeX\tex/latex/pgf/utilities\pgfkeys.sty (C:\Users\bendi\AppData\Local\Programs\MiKTeX\tex/generic/pgf/utilities\pgfkeys.code.tex)) (C:\Users\bendi\AppData\Local\Programs\MiKTeX\tex/latex/pgf/math\pgfmath.sty (C:\Users\bendi\AppData\Local\Programs\MiKTeX\tex/generic/pgf/math\pgfmath.code.tex)) (C:\Users\bendi\AppData\Local\Programs\MiKTeX\tex/generic/pgf/utilities\pgffor.code.tex
Package: pgffor 2023-01-15 v3.1.10 (3.1.10)
\pgffor@iter=\dimen289
\pgffor@skip=\dimen290
\pgffor@stack=\toks41
\pgffor@toks=\toks42
)) (C:\Users\bendi\AppData\Local\Programs\MiKTeX\tex/generic/pgf/frontendlayer/tikz\tikz.code.tex
Package: tikz 2023-01-15 v3.1.10 (3.1.10)
 (C:\Users\bendi\AppData\Local\Programs\MiKTeX\tex/generic/pgf/libraries\pgflibraryplothandlers.code.tex
File: pgflibraryplothandlers.code.tex 2023-01-15 v3.1.10 (3.1.10)
\pgf@plot@mark@count=\count319
\pgfplotmarksize=\dimen291
)
\tikz@lastx=\dimen292
\tikz@lasty=\dimen293
\tikz@lastxsaved=\dimen294
\tikz@lastysaved=\dimen295
\tikz@lastmovetox=\dimen296
\tikz@lastmovetoy=\dimen297
\tikzleveldistance=\dimen298
\tikzsiblingdistance=\dimen299
\tikz@figbox=\box73
\tikz@figbox@bg=\box74
\tikz@tempbox=\box75
\tikz@tempbox@bg=\box76
\tikztreelevel=\count320
\tikznumberofchildren=\count321
\tikznumberofcurrentchild=\count322
\tikz@fig@count=\count323
 (C:\Users\bendi\AppData\Local\Programs\MiKTeX\tex/generic/pgf/modules\pgfmodulematrix.code.tex
File: pgfmodulematrix.code.tex 2023-01-15 v3.1.10 (3.1.10)
\pgfmatrixcurrentrow=\count324
\pgfmatrixcurrentcolumn=\count325
\pgf@matrix@numberofcolumns=\count326
)
\tikz@expandcount=\count327
 (C:\Users\bendi\AppData\Local\Programs\MiKTeX\tex/generic/pgf/frontendlayer/tikz/libraries\tikzlibrarytopaths.code.tex
File: tikzlibrarytopaths.code.tex 2023-01-15 v3.1.10 (3.1.10)
)))
\pgf@layerbox@back=\box77
\pgf@layerboxsaved@back=\box78
 (C:\Users\bendi\AppData\Local\Programs\MiKTeX\tex/latex/lm\lmodern.sty
Package: lmodern 2015/05/01 v1.6.1 Latin Modern Fonts
LaTeX Font Info:    Overwriting symbol font `operators' in version `normal'
(Font)                  OT1/cmr/m/n --> OT1/lmr/m/n on input line 22.
LaTeX Font Info:    Overwriting symbol font `letters' in version `normal'
(Font)                  OML/cmm/m/it --> OML/lmm/m/it on input line 23.
LaTeX Font Info:    Overwriting symbol font `symbols' in version `normal'
(Font)                  OMS/cmsy/m/n --> OMS/lmsy/m/n on input line 24.
LaTeX Font Info:    Overwriting symbol font `largesymbols' in version `normal'
(Font)                  OMX/cmex/m/n --> OMX/lmex/m/n on input line 25.
LaTeX Font Info:    Overwriting symbol font `operators' in version `bold'
(Font)                  OT1/cmr/bx/n --> OT1/lmr/bx/n on input line 26.
LaTeX Font Info:    Overwriting symbol font `letters' in version `bold'
(Font)                  OML/cmm/b/it --> OML/lmm/b/it on input line 27.
LaTeX Font Info:    Overwriting symbol font `symbols' in version `bold'
(Font)                  OMS/cmsy/b/n --> OMS/lmsy/b/n on input line 28.
LaTeX Font Info:    Overwriting symbol font `largesymbols' in version `bold'
(Font)                  OMX/cmex/m/n --> OMX/lmex/m/n on input line 29.
LaTeX Font Info:    Overwriting math alphabet `\mathbf' in version `normal'
(Font)                  OT1/cmr/bx/n --> OT1/lmr/bx/n on input line 31.
LaTeX Font Info:    Overwriting math alphabet `\mathsf' in version `normal'
(Font)                  OT1/cmss/m/n --> OT1/lmss/m/n on input line 32.
LaTeX Font Info:    Overwriting math alphabet `\mathit' in version `normal'
(Font)                  OT1/cmr/m/it --> OT1/lmr/m/it on input line 33.
LaTeX Font Info:    Overwriting math alphabet `\mathtt' in version `normal'
(Font)                  OT1/cmtt/m/n --> OT1/lmtt/m/n on input line 34.
LaTeX Font Info:    Overwriting math alphabet `\mathbf' in version `bold'
(Font)                  OT1/cmr/bx/n --> OT1/lmr/bx/n on input line 35.
LaTeX Font Info:    Overwriting math alphabet `\mathsf' in version `bold'
(Font)                  OT1/cmss/bx/n --> OT1/lmss/bx/n on input line 36.
LaTeX Font Info:    Overwriting math alphabet `\mathit' in version `bold'
(Font)                  OT1/cmr/bx/it --> OT1/lmr/bx/it on input line 37.
LaTeX Font Info:    Overwriting math alphabet `\mathtt' in version `bold'
(Font)                  OT1/cmtt/m/n --> OT1/lmtt/m/n on input line 38.
) (C:\Users\bendi\AppData\Local\Programs\MiKTeX\tex/latex/geometry\geometry.sty
Package: geometry 2020/01/02 v5.9 Page Geometry
 (C:\Users\bendi\AppData\Local\Programs\MiKTeX\tex/generic/iftex\ifvtex.sty
Package: ifvtex 2019/10/25 v1.7 ifvtex legacy package. Use iftex instead.
 (C:\Users\bendi\AppData\Local\Programs\MiKTeX\tex/generic/iftex\iftex.sty
Package: iftex 2022/02/03 v1.0f TeX engine tests
))
\Gm@cnth=\count328
\Gm@cntv=\count329
\c@Gm@tempcnt=\count330
\Gm@bindingoffset=\dimen300
\Gm@wd@mp=\dimen301
\Gm@odd@mp=\dimen302
\Gm@even@mp=\dimen303
\Gm@layoutwidth=\dimen304
\Gm@layoutheight=\dimen305
\Gm@layouthoffset=\dimen306
\Gm@layoutvoffset=\dimen307
\Gm@dimlist=\toks43
 (C:\Users\bendi\AppData\Local\Programs\MiKTeX\tex/latex/geometry\geometry.cfg)) (C:\Users\bendi\AppData\Local\Programs\MiKTeX\tex/latex/hyperref\hyperref.sty
Package: hyperref 2023-02-07 v7.00v Hypertext links for LaTeX
 (C:\Users\bendi\AppData\Local\Programs\MiKTeX\tex/generic/ltxcmds\ltxcmds.sty
Package: ltxcmds 2020-05-10 v1.25 LaTeX kernel commands for general use (HO)
) (C:\Users\bendi\AppData\Local\Programs\MiKTeX\tex/generic/pdftexcmds\pdftexcmds.sty
Package: pdftexcmds 2020-06-27 v0.33 Utility functions of pdfTeX for LuaTeX (HO)
 (C:\Users\bendi\AppData\Local\Programs\MiKTeX\tex/generic/infwarerr\infwarerr.sty
Package: infwarerr 2019/12/03 v1.5 Providing info/warning/error messages (HO)
)
Package pdftexcmds Info: \pdf@primitive is available.
Package pdftexcmds Info: \pdf@ifprimitive is available.
Package pdftexcmds Info: \pdfdraftmode found.
) (C:\Users\bendi\AppData\Local\Programs\MiKTeX\tex/latex/kvsetkeys\kvsetkeys.sty
Package: kvsetkeys 2022-10-05 v1.19 Key value parser (HO)
) (C:\Users\bendi\AppData\Local\Programs\MiKTeX\tex/generic/kvdefinekeys\kvdefinekeys.sty
Package: kvdefinekeys 2019-12-19 v1.6 Define keys (HO)
) (C:\Users\bendi\AppData\Local\Programs\MiKTeX\tex/generic/pdfescape\pdfescape.sty
Package: pdfescape 2019/12/09 v1.15 Implements pdfTeX's escape features (HO)
) (C:\Users\bendi\AppData\Local\Programs\MiKTeX\tex/latex/hycolor\hycolor.sty
Package: hycolor 2020-01-27 v1.10 Color options for hyperref/bookmark (HO)
) (C:\Users\bendi\AppData\Local\Programs\MiKTeX\tex/latex/letltxmacro\letltxmacro.sty
Package: letltxmacro 2019/12/03 v1.6 Let assignment for LaTeX macros (HO)
) (C:\Users\bendi\AppData\Local\Programs\MiKTeX\tex/latex/auxhook\auxhook.sty
Package: auxhook 2019-12-17 v1.6 Hooks for auxiliary files (HO)
) (C:\Users\bendi\AppData\Local\Programs\MiKTeX\tex/latex/hyperref\nameref.sty
Package: nameref 2022-05-17 v2.50 Cross-referencing by name of section
 (C:\Users\bendi\AppData\Local\Programs\MiKTeX\tex/latex/refcount\refcount.sty
Package: refcount 2019/12/15 v3.6 Data extraction from label references (HO)
) (C:\Users\bendi\AppData\Local\Programs\MiKTeX\tex/generic/gettitlestring\gettitlestring.sty
Package: gettitlestring 2019/12/15 v1.6 Cleanup title references (HO)
 (C:\Users\bendi\AppData\Local\Programs\MiKTeX\tex/latex/kvoptions\kvoptions.sty
Package: kvoptions 2022-06-15 v3.15 Key value format for package options (HO)
))
\c@section@level=\count331
)
\@linkdim=\dimen308
\Hy@linkcounter=\count332
\Hy@pagecounter=\count333
 (C:\Users\bendi\AppData\Local\Programs\MiKTeX\tex/latex/hyperref\pd1enc.def
File: pd1enc.def 2023-02-07 v7.00v Hyperref: PDFDocEncoding definition (HO)
Now handling font encoding PD1 ...
... no UTF-8 mapping file for font encoding PD1
) (C:\Users\bendi\AppData\Local\Programs\MiKTeX\tex/generic/intcalc\intcalc.sty
Package: intcalc 2019/12/15 v1.3 Expandable calculations with integers (HO)
) (C:\Users\bendi\AppData\Local\Programs\MiKTeX\tex/generic/etexcmds\etexcmds.sty
Package: etexcmds 2019/12/15 v1.7 Avoid name clashes with e-TeX commands (HO)
)
\Hy@SavedSpaceFactor=\count334
 (C:\Users\bendi\AppData\Local\Programs\MiKTeX\tex/latex/hyperref\puenc.def
File: puenc.def 2023-02-07 v7.00v Hyperref: PDF Unicode definition (HO)
Now handling font encoding PU ...
... no UTF-8 mapping file for font encoding PU
)
Package hyperref Info: Hyper figures OFF on input line 4177.
Package hyperref Info: Link nesting OFF on input line 4182.
Package hyperref Info: Hyper index ON on input line 4185.
Package hyperref Info: Plain pages OFF on input line 4192.
Package hyperref Info: Backreferencing OFF on input line 4197.
Package hyperref Info: Implicit mode ON; LaTeX internals redefined.
Package hyperref Info: Bookmarks ON on input line 4425.
\c@Hy@tempcnt=\count335
 (C:\Users\bendi\AppData\Local\Programs\MiKTeX\tex/latex/url\url.sty
\Urlmuskip=\muskip17
Package: url 2013/09/16  ver 3.4  Verb mode for urls, etc.
)
LaTeX Info: Redefining \url on input line 4763.
\XeTeXLinkMargin=\dimen309
 (C:\Users\bendi\AppData\Local\Programs\MiKTeX\tex/generic/bitset\bitset.sty
Package: bitset 2019/12/09 v1.3 Handle bit-vector datatype (HO)
 (C:\Users\bendi\AppData\Local\Programs\MiKTeX\tex/generic/bigintcalc\bigintcalc.sty
Package: bigintcalc 2019/12/15 v1.5 Expandable calculations on big integers (HO)
))
\Fld@menulength=\count336
\Field@Width=\dimen310
\Fld@charsize=\dimen311
Package hyperref Info: Hyper figures OFF on input line 6042.
Package hyperref Info: Link nesting OFF on input line 6047.
Package hyperref Info: Hyper index ON on input line 6050.
Package hyperref Info: backreferencing OFF on input line 6057.
Package hyperref Info: Link coloring OFF on input line 6062.
Package hyperref Info: Link coloring with OCG OFF on input line 6067.
Package hyperref Info: PDF/A mode OFF on input line 6072.
 (C:\Users\bendi\AppData\Local\Programs\MiKTeX\tex/latex/base\atbegshi-ltx.sty
Package: atbegshi-ltx 2021/01/10 v1.0c Emulation of the original atbegshi
package with kernel methods
)
\Hy@abspage=\count337
\c@Item=\count338
\c@Hfootnote=\count339
)
Package hyperref Info: Driver (autodetected): hpdftex.
 (C:\Users\bendi\AppData\Local\Programs\MiKTeX\tex/latex/hyperref\hpdftex.def
File: hpdftex.def 2023-02-07 v7.00v Hyperref driver for pdfTeX
 (C:\Users\bendi\AppData\Local\Programs\MiKTeX\tex/latex/base\atveryend-ltx.sty
Package: atveryend-ltx 2020/08/19 v1.0a Emulation of the original atveryend package
with kernel methods
)
\Fld@listcount=\count340
\c@bookmark@seq@number=\count341
 (C:\Users\bendi\AppData\Local\Programs\MiKTeX\tex/latex/rerunfilecheck\rerunfilecheck.sty
Package: rerunfilecheck 2022-07-10 v1.10 Rerun checks for auxiliary files (HO)
 (C:\Users\bendi\AppData\Local\Programs\MiKTeX\tex/generic/uniquecounter\uniquecounter.sty
Package: uniquecounter 2019/12/15 v1.4 Provide unlimited unique counter (HO)
)
Package uniquecounter Info: New unique counter `rerunfilecheck' on input line 285.
)
\Hy@SectionHShift=\skip76
)
Package hyperref Info: Option `breaklinks' set `true' on input line 86.
Package hyperref Info: Option `colorlinks' set `true' on input line 86.
Package hyperref Info: Option `pdfmenubar' set `true' on input line 86.
Package hyperref Info: Option `pdftoolbar' set `true' on input line 86.
\@indexfile=\write5
\openout5 = `main.idx'.


Writing index file main.idx
(C:\Users\bendi\AppData\Local\Programs\MiKTeX\tex/latex/idxlayout\idxlayout.sty
Package: idxlayout 2012/03/30 v0.4d Configurable index layout
 (C:\Users\bendi\AppData\Local\Programs\MiKTeX\tex/latex/tools\multicol.sty
Package: multicol 2021/11/30 v1.9d multicolumn formatting (FMi)
\c@tracingmulticols=\count342
\mult@box=\box79
\multicol@leftmargin=\dimen312
\c@unbalance=\count343
\c@collectmore=\count344
\doublecol@number=\count345
\multicoltolerance=\count346
\multicolpretolerance=\count347
\full@width=\dimen313
\page@free=\dimen314
\premulticols=\dimen315
\postmulticols=\dimen316
\multicolsep=\skip77
\multicolbaselineskip=\skip78
\partial@page=\box80
\last@line=\box81
\maxbalancingoverflow=\dimen317
\mult@rightbox=\box82
\mult@grightbox=\box83
\mult@firstbox=\box84
\mult@gfirstbox=\box85
\@tempa=\box86
\@tempa=\box87
\@tempa=\box88
\@tempa=\box89
\@tempa=\box90
\@tempa=\box91
\@tempa=\box92
\@tempa=\box93
\@tempa=\box94
\@tempa=\box95
\@tempa=\box96
\@tempa=\box97
\@tempa=\box98
\@tempa=\box99
\@tempa=\box100
\@tempa=\box101
\@tempa=\box102
\@tempa=\box103
\@tempa=\box104
\@tempa=\box105
\@tempa=\box106
\@tempa=\box107
\@tempa=\box108
\@tempa=\box109
\@tempa=\box110
\@tempa=\box111
\@tempa=\box112
\@tempa=\box113
\@tempa=\box114
\@tempa=\box115
\@tempa=\box116
\@tempa=\box117
\@tempa=\box118
\@tempa=\box119
\@tempa=\box120
\@tempa=\box121
\c@minrows=\count348
\c@columnbadness=\count349
\c@finalcolumnbadness=\count350
\last@try=\dimen318
\multicolovershoot=\dimen319
\multicolundershoot=\dimen320
\mult@nat@firstbox=\box122
\colbreak@box=\box123
\mc@col@check@num=\count351
)
\c@idxcols=\count352
\indexcolsep=\skip79
\indexrule=\skip80
\ila@indentunit=\skip81
\ila@initsep=\skip82
) (C:\Users\bendi\AppData\Local\Programs\MiKTeX\tex/latex/tocbibind\tocbibind.sty
Package: tocbibind 2010/10/13 v1.5k extra ToC listings
Package tocbibind Info: The document has chapter divisions on input line 50.


Package tocbibind Note: Using chapter style headings, unless overridden.

) (C:\Users\bendi\AppData\Local\Programs\MiKTeX\tex/latex/float\float.sty
Package: float 2001/11/08 v1.3d Float enhancements (AL)
\c@float@type=\count353
\float@exts=\toks44
\float@box=\box124
\@float@everytoks=\toks45
\@floatcapt=\box125
) (C:\Users\bendi\AppData\Local\Programs\MiKTeX\tex/latex/algorithms\algorithm.sty
Package: algorithm 2009/08/24 v0.1 Document Style `algorithm' - floating environment
\@float@every@algorithm=\toks46
\c@algorithm=\count354
) (C:\Users\bendi\AppData\Local\Programs\MiKTeX\tex/latex/algorithmicx\algpseudocode.sty
Package: algpseudocode 
 (C:\Users\bendi\AppData\Local\Programs\MiKTeX\tex/latex/algorithmicx\algorithmicx.sty
Package: algorithmicx 2005/04/27 v1.2 Algorithmicx

Document Style algorithmicx 1.2 - a greatly improved `algorithmic' style
\c@ALG@line=\count355
\c@ALG@rem=\count356
\c@ALG@nested=\count357
\ALG@tlm=\skip83
\ALG@thistlm=\skip84
\c@ALG@Lnr=\count358
\c@ALG@blocknr=\count359
\c@ALG@storecount=\count360
\c@ALG@tmpcounter=\count361
\ALG@tmplength=\skip85
)
Document Style - pseudocode environments for use with the `algorithmicx' style
) (C:\Users\bendi\AppData\Local\Programs\MiKTeX\tex/latex/ragged2e\ragged2e.sty
Package: ragged2e 2023/04/04 v3.5 ragged2e Package
\CenteringLeftskip=\skip86
\RaggedLeftLeftskip=\skip87
\RaggedRightLeftskip=\skip88
\CenteringRightskip=\skip89
\RaggedLeftRightskip=\skip90
\RaggedRightRightskip=\skip91
\CenteringParfillskip=\skip92
\RaggedLeftParfillskip=\skip93
\RaggedRightParfillskip=\skip94
\JustifyingParfillskip=\skip95
\CenteringParindent=\skip96
\RaggedLeftParindent=\skip97
\RaggedRightParindent=\skip98
\JustifyingParindent=\skip99
)
LaTeX Font Info:    Trying to load font information for OT1+lmr on input line 137.
 (C:\Users\bendi\AppData\Local\Programs\MiKTeX\tex/latex/lm\ot1lmr.fd
File: ot1lmr.fd 2015/05/01 v1.6.1 Font defs for Latin Modern
) (C:\Users\bendi\AppData\Local\Programs\MiKTeX\tex/latex/l3backend\l3backend-pdftex.def
File: l3backend-pdftex.def 2023-03-30 L3 backend support: PDF output (pdfTeX)
\l__color_backend_stack_int=\count362
\l__pdf_internal_box=\box126
) (main.aux)
\openout1 = `main.aux'.

LaTeX Font Info:    Checking defaults for OML/cmm/m/it on input line 137.
LaTeX Font Info:    ... okay on input line 137.
LaTeX Font Info:    Checking defaults for OMS/cmsy/m/n on input line 137.
LaTeX Font Info:    ... okay on input line 137.
LaTeX Font Info:    Checking defaults for OT1/cmr/m/n on input line 137.
LaTeX Font Info:    ... okay on input line 137.
LaTeX Font Info:    Checking defaults for T1/cmr/m/n on input line 137.
LaTeX Font Info:    ... okay on input line 137.
LaTeX Font Info:    Checking defaults for TS1/cmr/m/n on input line 137.
LaTeX Font Info:    ... okay on input line 137.
LaTeX Font Info:    Checking defaults for OMX/cmex/m/n on input line 137.
LaTeX Font Info:    ... okay on input line 137.
LaTeX Font Info:    Checking defaults for U/cmr/m/n on input line 137.
LaTeX Font Info:    ... okay on input line 137.
LaTeX Font Info:    Checking defaults for PD1/pdf/m/n on input line 137.
LaTeX Font Info:    ... okay on input line 137.
LaTeX Font Info:    Checking defaults for PU/pdf/m/n on input line 137.
LaTeX Font Info:    ... okay on input line 137.
 (C:\Users\bendi\AppData\Local\Programs\MiKTeX\tex/context/base/mkii\supp-pdf.mkii
[Loading MPS to PDF converter (version 2006.09.02).]
\scratchcounter=\count363
\scratchdimen=\dimen321
\scratchbox=\box127
\nofMPsegments=\count364
\nofMParguments=\count365
\everyMPshowfont=\toks47
\MPscratchCnt=\count366
\MPscratchDim=\dimen322
\MPnumerator=\count367
\makeMPintoPDFobject=\count368
\everyMPtoPDFconversion=\toks48
) (C:\Users\bendi\AppData\Local\Programs\MiKTeX\tex/latex/epstopdf-pkg\epstopdf-base.sty
Package: epstopdf-base 2020-01-24 v2.11 Base part for package epstopdf
Package epstopdf-base Info: Redefining graphics rule for `.eps' on input line 485.
 (C:\Users\bendi\AppData\Local\Programs\MiKTeX\tex/latex/00miktex\epstopdf-sys.cfg
File: epstopdf-sys.cfg 2021/03/18 v2.0 Configuration of epstopdf for MiKTeX
))
LaTeX Info: Redefining \microtypecontext on input line 137.
Package microtype Info: Applying patch `item' on input line 137.
Package microtype Info: Applying patch `toc' on input line 137.
Package microtype Info: Applying patch `eqnum' on input line 137.
Package microtype Info: Applying patch `footnote' on input line 137.
Package microtype Info: Applying patch `verbatim' on input line 137.
Package microtype Info: Generating PDF output.
Package microtype Info: Character protrusion enabled (level 2).
Package microtype Info: Using default protrusion set `alltext'.
Package microtype Info: Automatic font expansion enabled (level 2),
(microtype)             stretch: 20, shrink: 20, step: 1, non-selected.
Package microtype Info: Using default expansion set `alltext-nott'.
LaTeX Info: Redefining \showhyphens on input line 137.
Package microtype Info: No adjustment of tracking.
Package microtype Info: No adjustment of interword spacing.
Package microtype Info: No adjustment of character kerning.
 (C:\Users\bendi\AppData\Local\Programs\MiKTeX\tex/latex/microtype\mt-cmr.cfg
File: mt-cmr.cfg 2013/05/19 v2.2 microtype config. file: Computer Modern Roman (RS)
)
Package caption Info: Begin \AtBeginDocument code.
Package caption Info: float package is loaded.
Package caption Info: hyperref package is loaded.
Package caption Info: End \AtBeginDocument code.

*geometry* driver: auto-detecting
*geometry* detected driver: pdftex
*geometry* verbose mode - [ preamble ] result:
* driver: pdftex
* paper: a4paper
* layout: <same size as paper>
* layoutoffset:(h,v)=(0.0pt,0.0pt)
* modes: 
* h-part:(L,W,R)=(99.58464pt, 398.3386pt, 99.58464pt)
* v-part:(T,H,B)=(85.35826pt, 688.5567pt, 71.13188pt)
* \paperwidth=597.50787pt
* \paperheight=845.04684pt
* \textwidth=398.3386pt
* \textheight=688.5567pt
* \oddsidemargin=27.31465pt
* \evensidemargin=27.31465pt
* \topmargin=-23.91173pt
* \headheight=12.0pt
* \headsep=25.0pt
* \topskip=11.0pt
* \footskip=30.0pt
* \marginparwidth=50.0pt
* \marginparsep=10.0pt
* \columnsep=10.0pt
* \skip\footins=10.0pt plus 4.0pt minus 2.0pt
* \hoffset=0.0pt
* \voffset=0.0pt
* \mag=1000
* \@twocolumnfalse
* \@twosidefalse
* \@mparswitchfalse
* \@reversemarginfalse
* (1in=72.27pt=25.4mm, 1cm=28.453pt)

Package hyperref Info: Link coloring ON on input line 137.
(main.out) (main.out)
\@outlinefile=\write6
\openout6 = `main.out'.

Package hyperref Info: Option `pageanchor' set `false' on input line 149.
LaTeX Font Info:    Trying to load font information for T1+phv on input line 149.
 (C:\Users\bendi\AppData\Local\Programs\MiKTeX\tex/latex/psnfss\t1phv.fd
File: t1phv.fd 2020/03/25 scalable font definitions for T1/phv.
)
LaTeX Font Info:    Font shape `T1/phv/m/n' will be
(Font)              scaled to size 13.29996pt on input line 149.
Package microtype Info: Loading generic protrusion settings for font family
(microtype)             `phv' (encoding: T1).
(microtype)             For optimal results, create family-specific settings.
(microtype)             See the microtype manual for details.
LaTeX Font Info:    Font shape `T1/phv/m/n' will be
(Font)              scaled to size 5.69998pt on input line 149.
<folder/uio-fp-navn-eng.pdf, id=438, 469.755pt x 123.46124pt>
File: folder/uio-fp-navn-eng.pdf Graphic file (type pdf)
<use folder/uio-fp-navn-eng.pdf>
Package pdftex.def Info: folder/uio-fp-navn-eng.pdf  used on input line 149.
(pdftex.def)             Requested size: 138.56935pt x 36.41953pt.
LaTeX Font Info:    Font shape `T1/phv/b/n' will be
(Font)              scaled to size 13.29996pt on input line 149.
<folder/uio-fp-segl.pdf, id=439, 232.87pt x 232.87pt>
File: folder/uio-fp-segl.pdf Graphic file (type pdf)
<use folder/uio-fp-segl.pdf>
Package pdftex.def Info: folder/uio-fp-segl.pdf  used on input line 149.
(pdftex.def)             Requested size: 67.43301pt x 67.43106pt.
LaTeX Font Info:    Font shape `T1/phv/m/n' will be
(Font)              scaled to size 30.3999pt on input line 149.


Package xcolor Warning: Incompatible color definition on input line 149.


Package xcolor Warning: Incompatible color definition on input line 149.

[1

{C:/Users/bendi/AppData/Local/MiKTeX/fonts/map/pdftex/pdftex.map}{C:/Users/bendi/AppData/Local/Programs/MiKTeX/fonts/enc/dvips/base/8r.enc} <./folder/uio-fp-navn-eng.pdf> <./folder/uio-fp-segl.pdf>]
LaTeX Font Info:    Font shape `T1/phv/m/n' will be
(Font)              scaled to size 18.99994pt on input line 149.
 [1]
Package hyperref Info: Option `pageanchor' set `true' on input line 149.
 (Chapters/abstract.tex
LaTeX Font Info:    Trying to load font information for OML+lmm on input line 8.
 (C:\Users\bendi\AppData\Local\Programs\MiKTeX\tex/latex/lm\omllmm.fd
File: omllmm.fd 2015/05/01 v1.6.1 Font defs for Latin Modern
)
LaTeX Font Info:    Trying to load font information for OMS+lmsy on input line 8.
 (C:\Users\bendi\AppData\Local\Programs\MiKTeX\tex/latex/lm\omslmsy.fd
File: omslmsy.fd 2015/05/01 v1.6.1 Font defs for Latin Modern
)
LaTeX Font Info:    Trying to load font information for OMX+lmex on input line 8.
 (C:\Users\bendi\AppData\Local\Programs\MiKTeX\tex/latex/lm\omxlmex.fd
File: omxlmex.fd 2015/05/01 v1.6.1 Font defs for Latin Modern
)
LaTeX Font Info:    External font `lmex10' loaded for size
(Font)              <10.95> on input line 8.
LaTeX Font Info:    External font `lmex10' loaded for size
(Font)              <8> on input line 8.
LaTeX Font Info:    External font `lmex10' loaded for size
(Font)              <6> on input line 8.
 (C:\Users\bendi\AppData\Local\Programs\MiKTeX\tex/latex/microtype\mt-msa.cfg
File: mt-msa.cfg 2006/02/04 v1.1 microtype config. file: AMS symbols (a) (RS)
) (C:\Users\bendi\AppData\Local\Programs\MiKTeX\tex/latex/microtype\mt-msb.cfg
File: mt-msb.cfg 2005/06/01 v1.0 microtype config. file: AMS symbols (b) (RS)
)) [1

{C:/Users/bendi/AppData/Local/Programs/MiKTeX/fonts/enc/dvips/lm/lm-rm.enc}{C:/Users/bendi/AppData/Local/Programs/MiKTeX/fonts/enc/dvips/lm/lm-mathit.enc}] (Chapters/acknowledgement.tex) [2

] (Chapters/thesis_structure.tex) [3

] (main.toc [4

] [5])
\tf@toc=\write7
\openout7 = `main.toc'.

 [6] (main.lof)
\tf@lof=\write8
\openout8 = `main.lof'.

 [7

] (main.lot)
\tf@lot=\write9
\openout9 = `main.lot'.

 [8

{C:/Users/bendi/AppData/Local/Programs/MiKTeX/fonts/enc/dvips/lm/lm-mathsy.enc}]
Chapter 1.
(Chapters/introduction.tex
Underfull \hbox (badness 10000) in paragraph at lines 2--11

 []

<Astronomy/radio_telescope.png, id=679, 474.27188pt x 440.39531pt>
File: Astronomy/radio_telescope.png Graphic file (type png)
<use Astronomy/radio_telescope.png>
Package pdftex.def Info: Astronomy/radio_telescope.png  used on input line 16.
(pdftex.def)             Requested size: 195.1881pt x 181.24194pt.
<Astronomy/beamwidth_sketch_cropped.png, id=680, 684.05562pt x 486.31688pt>
File: Astronomy/beamwidth_sketch_cropped.png Graphic file (type png)
<use Astronomy/beamwidth_sketch_cropped.png>
Package pdftex.def Info: Astronomy/beamwidth_sketch_cropped.png  used on input line 23.
(pdftex.def)             Requested size: 195.1881pt x 138.765pt.

Underfull \hbox (badness 10000) in paragraph at lines 32--40

 []

[9

 <./Astronomy/radio_telescope.png> <./Astronomy/beamwidth_sketch_cropped.png>]
LaTeX Font Info:    External font `lmex10' loaded for size
(Font)              <9> on input line 41.
LaTeX Font Info:    External font `lmex10' loaded for size
(Font)              <5> on input line 41.
<Astronomy/apex_primary_mirror_cropped.jpeg, id=701, 722.7pt x 534.49687pt>
File: Astronomy/apex_primary_mirror_cropped.jpeg Graphic file (type jpg)
<use Astronomy/apex_primary_mirror_cropped.jpeg>
Package pdftex.def Info: Astronomy/apex_primary_mirror_cropped.jpeg  used on input line 59.
(pdftex.def)             Requested size: 195.1881pt x 144.35686pt.
<Astronomy/apex_subreflector.jpeg, id=702, 1284.8pt x 856.19875pt>
File: Astronomy/apex_subreflector.jpeg Graphic file (type jpg)
<use Astronomy/apex_subreflector.jpeg>
Package pdftex.def Info: Astronomy/apex_subreflector.jpeg  used on input line 66.
(pdftex.def)             Requested size: 195.1881pt x 130.07039pt.
) (Chapters/related_works.tex [10 <./Astronomy/apex_primary_mirror_cropped.jpeg> <./Astronomy/apex_subreflector.jpeg>]) (Chapters/astronomy.tex [11]
Underfull \hbox (badness 10000) in paragraph at lines 18--28

 []

<Astronomy/Azimuth-Altitude_schematic.png, id=734, 1927.2pt x 1856.9375pt>
File: Astronomy/Azimuth-Altitude_schematic.png Graphic file (type png)
<use Astronomy/Azimuth-Altitude_schematic.png>
Package pdftex.def Info: Astronomy/Azimuth-Altitude_schematic.png  used on input line 42.
(pdftex.def)             Requested size: 239.00558pt x 230.27487pt.
[12]
Overfull \hbox (0.79472pt too wide) in paragraph at lines 51--55
\OT1/lmr/m/n/10.95 (-20) In this sec-tion, we present an overview of the fun-da-men-tal com-po-nents of a radio/(sub)-
 []

) [13 <./Astronomy/Azimuth-Altitude_schematic.png>] [14

]
Chapter 2.
(Chapters/pointing_model.tex [15

]
LaTeX Font Info:    Trying to load font information for OT1+lmtt on input line 34.
 (C:\Users\bendi\AppData\Local\Programs\MiKTeX\tex/latex/lm\ot1lmtt.fd
File: ot1lmtt.fd 2015/05/01 v1.6.1 Font defs for Latin Modern
)
Package microtype Info: Loading generic protrusion settings for font family
(microtype)             `lmtt' (encoding: OT1).
(microtype)             For optimal results, create family-specific settings.
(microtype)             See the microtype manual for details.
LaTeX Font Info:    Trying to load font information for TS1+lmr on input line 64.
 (C:\Users\bendi\AppData\Local\Programs\MiKTeX\tex/latex/lm\ts1lmr.fd
File: ts1lmr.fd 2015/05/01 v1.6.1 Font defs for Latin Modern
) [16{C:/Users/bendi/AppData/Local/Programs/MiKTeX/fonts/enc/dvips/lm/lm-rmtt.enc}{C:/Users/bendi/AppData/Local/Programs/MiKTeX/fonts/enc/dvips/lm/lm-ts1.enc}] [17] [18] [19]
<Pointing Scans/good_line.png, id=807, 645.612pt x 448.67625pt>
File: Pointing Scans/good_line.png Graphic file (type png)
<use Pointing Scans/good_line.png>
Package pdftex.def Info: Pointing Scans/good_line.png  used on input line 237.
(pdftex.def)             Requested size: 298.75394pt x 207.6259pt.
<Pointing Scans/bad_line.png, id=808, 651.6345pt x 448.67625pt>
File: Pointing Scans/bad_line.png Graphic file (type png)
<use Pointing Scans/bad_line.png>
Package pdftex.def Info: Pointing Scans/bad_line.png  used on input line 244.
(pdftex.def)             Requested size: 298.75394pt x 205.7021pt.
 [20 <./Pointing Scans/good_line.png> <./Pointing Scans/bad_line.png>]
<Pointing Scans/good_continuous.png, id=816, 686.565pt x 453.49425pt>
File: Pointing Scans/good_continuous.png Graphic file (type png)
<use Pointing Scans/good_continuous.png>
Package pdftex.def Info: Pointing Scans/good_continuous.png  used on input line 264.
(pdftex.def)             Requested size: 298.75394pt x 197.33067pt.
<Pointing Scans/bad_continuous.png, id=817, 686.565pt x 453.49425pt>
File: Pointing Scans/bad_continuous.png Graphic file (type png)
<use Pointing Scans/bad_continuous.png>
Package pdftex.def Info: Pointing Scans/bad_continuous.png  used on input line 271.
(pdftex.def)             Requested size: 298.75394pt x 197.33067pt.
 [21 <./Pointing Scans/good_continuous.png> <./Pointing Scans/bad_continuous.png>]
Underfull \hbox (badness 10000) in paragraph at lines 289--292

 []

[22]
<Correlation/Correlation_temp.pdf, id=837, 1156.32pt x 1156.32pt>
File: Correlation/Correlation_temp.pdf Graphic file (type pdf)
<use Correlation/Correlation_temp.pdf>
Package pdftex.def Info: Correlation/Correlation_temp.pdf  used on input line 354.
(pdftex.def)             Requested size: 390.37012pt x 390.35585pt.
 [23] [24 <./Correlation/Correlation_temp.pdf>] [25]
<Feature during scans/scan_ACTUALAZ_335.pdf, id=897, 722.7pt x 433.62pt>
File: Feature during scans/scan_ACTUALAZ_335.pdf Graphic file (type pdf)
<use Feature during scans/scan_ACTUALAZ_335.pdf>
Package pdftex.def Info: Feature during scans/scan_ACTUALAZ_335.pdf  used on input line 454.
(pdftex.def)             Requested size: 195.1881pt x 117.11205pt.
<Feature during scans/scan_ACTUALEL_335.pdf, id=898, 722.7pt x 433.62pt>
File: Feature during scans/scan_ACTUALEL_335.pdf Graphic file (type pdf)
<use Feature during scans/scan_ACTUALEL_335.pdf>
Package pdftex.def Info: Feature during scans/scan_ACTUALEL_335.pdf  used on input line 460.
(pdftex.def)             Requested size: 195.1881pt x 117.11205pt.
<Feature during scans/scan_TEMP1_335.pdf, id=899, 722.7pt x 433.62pt>
File: Feature during scans/scan_TEMP1_335.pdf Graphic file (type pdf)
<use Feature during scans/scan_TEMP1_335.pdf>
Package pdftex.def Info: Feature during scans/scan_TEMP1_335.pdf  used on input line 467.
(pdftex.def)             Requested size: 195.1881pt x 117.11205pt.
LaTeX Font Info:    External font `lmex10' loaded for size
(Font)              <10> on input line 468.
LaTeX Font Info:    External font `lmex10' loaded for size
(Font)              <7> on input line 468.
<Feature during scans/scan_TILT1T_335.pdf, id=900, 722.7pt x 433.62pt>
File: Feature during scans/scan_TILT1T_335.pdf Graphic file (type pdf)
<use Feature during scans/scan_TILT1T_335.pdf>
Package pdftex.def Info: Feature during scans/scan_TILT1T_335.pdf  used on input line 473.
(pdftex.def)             Requested size: 195.1881pt x 117.11205pt.
<Feature during scans/scan_WINDDIRECTION_335.pdf, id=901, 722.7pt x 433.62pt>
File: Feature during scans/scan_WINDDIRECTION_335.pdf Graphic file (type pdf)
<use Feature during scans/scan_WINDDIRECTION_335.pdf>
Package pdftex.def Info: Feature during scans/scan_WINDDIRECTION_335.pdf  used on input line 480.
(pdftex.def)             Requested size: 195.1881pt x 117.11205pt.
<Feature during scans/scan_WINDSPEED_335.pdf, id=902, 722.7pt x 433.62pt>
File: Feature during scans/scan_WINDSPEED_335.pdf Graphic file (type pdf)
<use Feature during scans/scan_WINDSPEED_335.pdf>
Package pdftex.def Info: Feature during scans/scan_WINDSPEED_335.pdf  used on input line 486.
(pdftex.def)             Requested size: 195.1881pt x 117.11205pt.
 [26] [27 <./Feature during scans/scan_ACTUALAZ_335.pdf> <./Feature during scans/scan_ACTUALEL_335.pdf> <./Feature during scans/scan_TEMP1_335.pdf> <./Feature during scans/scan_TILT1T_335.pdf> <./Feature during scans/scan_WINDDIRECTION_335.pdf> <./Feature during scans/scan_WINDSPEED_335.pdf>]) [28]
Chapter 3.
(Chapters/ml_background.tex
Underfull \hbox (badness 10000) in paragraph at lines 14--20

 []

[29

{C:/Users/bendi/AppData/Local/Programs/MiKTeX/fonts/enc/dvips/lm/lm-mathex.enc}]
Underfull \hbox (badness 10000) in paragraph at lines 42--45

 []

[30] [31]
<Other figures/decisiontree_example.PNG, id=1256, 1033.61156pt x 804.00375pt>
File: Other figures/decisiontree_example.PNG Graphic file (type png)
<use Other figures/decisiontree_example.PNG>
Package pdftex.def Info: Other figures/decisiontree_example.PNG  used on input line 133.
(pdftex.def)             Requested size: 318.67209pt x 247.87683pt.
 [32]
<Other figures/evolution_of_xgb.png, id=1261, 542.025pt x 288.3272pt>
File: Other figures/evolution_of_xgb.png Graphic file (type png)
<use Other figures/evolution_of_xgb.png>
Package pdftex.def Info: Other figures/evolution_of_xgb.png  used on input line 140.
(pdftex.def)             Requested size: 390.37012pt x 207.6614pt.
 [33 <./Other figures/decisiontree_example.PNG> <./Other figures/evolution_of_xgb.png>] (Other figures/nn_with_eqs.tex 
Neural network activation
contour: Using real outline for `$w_{1,1}$' on input line 36.
contour: Using real outline for `$w_{1,2}$' on input line 36.
contour: Using real outline for `$w_{1,3}$' on input line 36.
contour: Using real outline for `$w_{1,4}$' on input line 36.
contour: Using real outline for `$w_{1,n}$' on input line 36.
contour: Using real outline for `$b_1$' on input line 41.
)
Underfull \hbox (badness 10000) in paragraph at lines 181--185

 []

[34] [35] [36] [37]
Underfull \hbox (badness 10000) in paragraph at lines 344--350

 []


Underfull \hbox (badness 10000) in paragraph at lines 351--354

 []

[38]
Underfull \hbox (badness 10000) in paragraph at lines 371--374

 []


Underfull \hbox (badness 10000) in paragraph at lines 380--382

 []

[39]) [40] [41

]
Chapter 4.
(Chapters/data_processing.tex [42

]
Underfull \hbox (badness 10000) in paragraph at lines 45--51

 []


Underfull \hbox (badness 10000) in paragraph at lines 73--79

 []

[43]
<Clf/precision_recall_curve_both.pdf, id=1375, 578.16pt x 397.485pt>
File: Clf/precision_recall_curve_both.pdf Graphic file (type pdf)
<use Clf/precision_recall_curve_both.pdf>
Package pdftex.def Info: Clf/precision_recall_curve_both.pdf  used on input line 88.
(pdftex.def)             Requested size: 195.1881pt x 134.19089pt.
<Clf/mAP_curve_both.pdf, id=1376, 578.16pt x 397.485pt>
File: Clf/mAP_curve_both.pdf Graphic file (type pdf)
<use Clf/mAP_curve_both.pdf>
Package pdftex.def Info: Clf/mAP_curve_both.pdf  used on input line 94.
(pdftex.def)             Requested size: 195.1881pt x 134.19089pt.
 [44 <./Clf/precision_recall_curve_both.pdf> <./Clf/mAP_curve_both.pdf>]
Package hyperref Info: bookmark level for unknown algorithm defaults to 0 on input line 155.

Underfull \hbox (badness 10000) in paragraph at lines 191--198

 []

[45]
<Tiltmeter plots/scan_duration_distribution_rx.pdf, id=1426, 1806.75pt x 722.7pt>
File: Tiltmeter plots/scan_duration_distribution_rx.pdf Graphic file (type pdf)
<use Tiltmeter plots/scan_duration_distribution_rx.pdf>
Package pdftex.def Info: Tiltmeter plots/scan_duration_distribution_rx.pdf  used on input line 212.
(pdftex.def)             Requested size: 438.17488pt x 175.27107pt.

Overfull \hbox (39.83629pt too wide) in paragraph at lines 212--213
 [][] 
 []

<Tiltmeter plots/scan_duration_distribution_date.pdf, id=1427, 1300.86pt x 722.7pt>
File: Tiltmeter plots/scan_duration_distribution_date.pdf Graphic file (type pdf)
<use Tiltmeter plots/scan_duration_distribution_date.pdf>
Package pdftex.def Info: Tiltmeter plots/scan_duration_distribution_date.pdf  used on input line 219.
(pdftex.def)             Requested size: 438.17488pt x 243.43205pt.

Overfull \hbox (39.83629pt too wide) in paragraph at lines 219--220
 [][] 
 []

[46 <./Tiltmeter plots/scan_duration_distribution_rx.pdf>] [47 <./Tiltmeter plots/scan_duration_distribution_date.pdf>]) [48]
Chapter 5.
(Chapters/ml_experiments.tex
<Canva/datasplits.png, id=1560, 1445.4pt x 482.55281pt>
File: Canva/datasplits.png Graphic file (type png)
<use Canva/datasplits.png>
Package pdftex.def Info: Canva/datasplits.png  used on input line 37.
(pdftex.def)             Requested size: 390.37012pt x 130.3278pt.
 [49

] [50 <./Canva/datasplits.png>] [51] [52] (Other figures/regular_nn.tex 
Neural network large 
 Layer 1, 2, 3, 4,) (Other figures/combined_nn_sep1.tex 
Neural network large 
 Layer 1, 2, 1, 2, 3, 4,) (Other figures/combined_nn_sep2.tex 
Neural network large 
 Layer 1, 2, 3, 1, 2, 3, 4,) (Other figures/combined_nn_sep3.tex 
Neural network large 
 Layer 1, 2, 3, 1, 2, 3, 4, 1, 2, 
 Nprev 1 
 Nprev 1 
 Nprev 1 
 Nprev 1 
 Nprev 1 
 Nprev 1 
 Nprev 1 
 Nprev 1 
 Nprev 1 3, 1, 2, 3, 
 3Here (N1-1) {l3} 
 3Here (N1-2) {l3} 
 3Here (N1-3) {l3} 
 3Here (N1-1) {l3} 
 3Here (N1-2) {l3} 
 3Here (N1-3) {l3} 
 3Here (N1-1) {l3} 
 3Here (N1-2) {l3} 
 3Here (N1-3) {l3} 4,) [53]) [54] [55

]
Chapter 6.
(Chapters/results.tex
Underfull \hbox (badness 10000) in paragraph at lines 2--5

 []


Underfull \hbox (badness 10000) in paragraph at lines 6--13

 []

[56

]
Underfull \hbox (badness 10000) in paragraph at lines 74--83

 []

[57]
Underfull \hbox (badness 10000) in paragraph at lines 84--91

 []

[58]
Underfull \hbox (badness 10000) in paragraph at lines 147--153

 []


Overfull \hbox (15.48792pt too wide) in paragraph at lines 167--180
 [][] 
 []

<Results/hist_XGB_ds2_tp5_k30_uncorr_az_test.pdf, id=1665, 867.24pt x 578.16pt>
File: Results/hist_XGB_ds2_tp5_k30_uncorr_az_test.pdf Graphic file (type pdf)
<use Results/hist_XGB_ds2_tp5_k30_uncorr_az_test.pdf>
Package pdftex.def Info: Results/hist_XGB_ds2_tp5_k30_uncorr_az_test.pdf  used on input line 194.
(pdftex.def)             Requested size: 398.3386pt x 265.55983pt.
<Results/hist_XGB_ds2_tp5_k40_uncorr_el_test.pdf, id=1666, 867.24pt x 578.16pt>
File: Results/hist_XGB_ds2_tp5_k40_uncorr_el_test.pdf Graphic file (type pdf)
<use Results/hist_XGB_ds2_tp5_k40_uncorr_el_test.pdf>
Package pdftex.def Info: Results/hist_XGB_ds2_tp5_k40_uncorr_el_test.pdf  used on input line 201.
(pdftex.def)             Requested size: 398.3386pt x 265.55983pt.
[59]
<Results/sortpred_XGB_ds2_tp5_k30_uncorr_az_test.pdf, id=1673, 867.24pt x 578.16pt>
File: Results/sortpred_XGB_ds2_tp5_k30_uncorr_az_test.pdf Graphic file (type pdf)
<use Results/sortpred_XGB_ds2_tp5_k30_uncorr_az_test.pdf>
Package pdftex.def Info: Results/sortpred_XGB_ds2_tp5_k30_uncorr_az_test.pdf  used on input line 218.
(pdftex.def)             Requested size: 398.3386pt x 265.55983pt.
<Results/sortpred_XGB_ds2_tp5_k40_uncorr_el_test.pdf, id=1674, 867.24pt x 578.16pt>
File: Results/sortpred_XGB_ds2_tp5_k40_uncorr_el_test.pdf Graphic file (type pdf)
<use Results/sortpred_XGB_ds2_tp5_k40_uncorr_el_test.pdf>
Package pdftex.def Info: Results/sortpred_XGB_ds2_tp5_k40_uncorr_el_test.pdf  used on input line 225.
(pdftex.def)             Requested size: 398.3386pt x 265.55983pt.
 [60 <./Results/hist_XGB_ds2_tp5_k30_uncorr_az_test.pdf> <./Results/hist_XGB_ds2_tp5_k40_uncorr_el_test.pdf>]
<Results/XGB_ds2_tp5_k30_uncorr_az_val_SAGE.pdf, id=1768, 1011.78pt x 867.24pt>
File: Results/XGB_ds2_tp5_k30_uncorr_az_val_SAGE.pdf Graphic file (type pdf)
<use Results/XGB_ds2_tp5_k30_uncorr_az_val_SAGE.pdf>
Package pdftex.def Info: Results/XGB_ds2_tp5_k30_uncorr_az_val_SAGE.pdf  used on input line 244.
(pdftex.def)             Requested size: 366.47076pt x 314.12495pt.
<Results/XGB_ds2_tp5_k30_uncorr_az_test_SAGE.pdf, id=1769, 1011.78pt x 867.24pt>
File: Results/XGB_ds2_tp5_k30_uncorr_az_test_SAGE.pdf Graphic file (type pdf)
<use Results/XGB_ds2_tp5_k30_uncorr_az_test_SAGE.pdf>
Package pdftex.def Info: Results/XGB_ds2_tp5_k30_uncorr_az_test_SAGE.pdf  used on input line 251.
(pdftex.def)             Requested size: 366.47076pt x 314.12495pt.
 [61 <./Results/sortpred_XGB_ds2_tp5_k30_uncorr_az_test.pdf> <./Results/sortpred_XGB_ds2_tp5_k40_uncorr_el_test.pdf>]
Overfull \vbox (13.8932pt too high) has occurred while \output is active []

 [62 <./Results/XGB_ds2_tp5_k30_uncorr_az_val_SAGE.pdf> <./Results/XGB_ds2_tp5_k30_uncorr_az_test_SAGE.pdf>]
<Results/XGB_ds2_tp5_k40_uncorr_el_val_SAGE.pdf, id=1961, 1011.78pt x 867.24pt>
File: Results/XGB_ds2_tp5_k40_uncorr_el_val_SAGE.pdf Graphic file (type pdf)
<use Results/XGB_ds2_tp5_k40_uncorr_el_val_SAGE.pdf>
Package pdftex.def Info: Results/XGB_ds2_tp5_k40_uncorr_el_val_SAGE.pdf  used on input line 263.
(pdftex.def)             Requested size: 366.47076pt x 314.12495pt.
<Results/XGB_ds2_tp5_k40_uncorr_el_test_SAGE.pdf, id=1962, 1011.78pt x 867.24pt>
File: Results/XGB_ds2_tp5_k40_uncorr_el_test_SAGE.pdf Graphic file (type pdf)
<use Results/XGB_ds2_tp5_k40_uncorr_el_test_SAGE.pdf>
Package pdftex.def Info: Results/XGB_ds2_tp5_k40_uncorr_el_test_SAGE.pdf  used on input line 270.
(pdftex.def)             Requested size: 366.47076pt x 314.12495pt.

Overfull \vbox (13.8932pt too high) has occurred while \output is active []

 [63 <./Results/XGB_ds2_tp5_k40_uncorr_el_val_SAGE.pdf> <./Results/XGB_ds2_tp5_k40_uncorr_el_test_SAGE.pdf>]
Underfull \hbox (badness 10000) in paragraph at lines 280--302

 []


Underfull \hbox (badness 10000) in paragraph at lines 304--324

 []

[64]
Underfull \hbox (badness 10000) in paragraph at lines 362--369

 []


Underfull \hbox (badness 10000) in paragraph at lines 372--379

 []

[65]
Underfull \hbox (badness 10000) in paragraph at lines 386--391

 []


Underfull \hbox (badness 10000) in paragraph at lines 393--400

 []


Underfull \hbox (badness 10000) in paragraph at lines 402--409

 []


Underfull \hbox (badness 10000) in paragraph at lines 478--485

 []

[66]
Underfull \hbox (badness 10000) in paragraph at lines 507--513

 []


Underfull \hbox (badness 10000) in paragraph at lines 571--581

 []

[67] [68]
Underfull \hbox (badness 10000) in paragraph at lines 582--588

 []


Underfull \hbox (badness 10000) in paragraph at lines 589--605

 []

) [69] [70]
Chapter 7.
(Chapters/conclusion.tex [71

]) [72] [73

]
Appendix A.
(Chapters/appendix_a.tex
Overfull \hbox (15.92532pt too wide) in paragraph at lines 469--493
 [][] 
 []


Overfull \hbox (15.92532pt too wide) in paragraph at lines 524--549
 [][] 
 []

) [74

] [75] [76] [77] [78]
Appendix B.
(Chapters/appendix_b.tex [79

] [80]) [81]
Appendix C.
(Chapters/appendix_c.tex) [82

] (main.bbl [83

]) [84] (main.aux)
Package rerunfilecheck Info: File `main.out' has not changed.
(rerunfilecheck)             Checksum: 3966950C6469C5CE6042247BE375E654;18074.
 ) 
Here is how much of TeX's memory you used:
 30285 strings out of 476331
 572860 string characters out of 5787765
 1974660 words of memory out of 5000000
 49427 multiletter control sequences out of 15000+600000
 631353 words of font info for 239 fonts, out of 8000000 for 9000
 1141 hyphenation exceptions out of 8191
 84i,22n,80p,1034b,1195s stack positions out of 10000i,1000n,20000p,200000b,200000s
<C:/Users/bendi/AppData/Local/Programs/MiKTeX/fonts/type1/public/lm/lmbx10.pfb><C:/Users/bendi/AppData/Local/Programs/MiKTeX/fonts/type1/public/lm/lmbx12.pfb><C:/Users/bendi/AppData/Local/Programs/MiKTeX/fonts/type1/public/lm/lmex10.pfb><C:/Users/bendi/AppData/Local/Programs/MiKTeX/fonts/type1/public/lm/lmmi10.pfb><C:/Users/bendi/AppData/Local/Programs/MiKTeX/fonts/type1/public/lm/lmmi6.pfb><C:/Users/bendi/AppData/Local/Programs/MiKTeX/fonts/type1/public/lm/lmmi8.pfb><C:/Users/bendi/AppData/Local/Programs/MiKTeX/fonts/type1/public/lm/lmmib10.pfb><C:/Users/bendi/AppData/Local/Programs/MiKTeX/fonts/type1/public/lm/lmr10.pfb><C:/Users/bendi/AppData/Local/Programs/MiKTeX/fonts/type1/public/lm/lmr6.pfb><C:/Users/bendi/AppData/Local/Programs/MiKTeX/fonts/type1/public/lm/lmr8.pfb><C:/Users/bendi/AppData/Local/Programs/MiKTeX/fonts/type1/public/lm/lmr9.pfb><C:/Users/bendi/AppData/Local/Programs/MiKTeX/fonts/type1/public/lm/lmri10.pfb><C:/Users/bendi/AppData/Local/Programs/MiKTeX/fonts/type1/public/lm/lmri8.pfb><C:/Users/bendi/AppData/Local/Programs/MiKTeX/fonts/type1/public/lm/lmsy10.pfb><C:/Users/bendi/AppData/Local/Programs/MiKTeX/fonts/type1/public/lm/lmsy8.pfb><C:/Users/bendi/AppData/Local/Programs/MiKTeX/fonts/type1/public/lm/lmtt10.pfb><C:/Users/bendi/AppData/Local/Programs/MiKTeX/fonts/type1/public/amsfonts/symbols/msbm10.pfb><C:/Users/bendi/AppData/Local/Programs/MiKTeX/fonts/type1/urw/helvetic/uhvb8a.pfb><C:/Users/bendi/AppData/Local/Programs/MiKTeX/fonts/type1/urw/helvetic/uhvr8a.pfb>
Output written on main.pdf (86 pages, 2475862 bytes).
PDF statistics:
 2412 PDF objects out of 2487 (max. 8388607)
 348 named destinations out of 1000 (max. 500000)
 60946 words of extra memory for PDF output out of 61914 (max. 10000000)

